[0.923s] Invoking command in '/home/luccapbs/Desktop/Robotica/APS2_ws/build/robot_description': CMAKE_PREFIX_PATH=${CMAKE_PREFIX_PATH}:/home/luccapbs/Desktop/Robotica/APS2_ws/install/navigation:/opt/ros/foxy /usr/bin/cmake --build /home/luccapbs/Desktop/Robotica/APS2_ws/build/robot_description -- -j3 -l3
[1.064s] Invoked command in '/home/luccapbs/Desktop/Robotica/APS2_ws/build/robot_description' returned '0': CMAKE_PREFIX_PATH=${CMAKE_PREFIX_PATH}:/home/luccapbs/Desktop/Robotica/APS2_ws/install/navigation:/opt/ros/foxy /usr/bin/cmake --build /home/luccapbs/Desktop/Robotica/APS2_ws/build/robot_description -- -j3 -l3
[1.108s] Invoking command in '/home/luccapbs/Desktop/Robotica/APS2_ws/build/robot_description': CMAKE_PREFIX_PATH=${CMAKE_PREFIX_PATH}:/home/luccapbs/Desktop/Robotica/APS2_ws/install/navigation:/opt/ros/foxy /usr/bin/cmake --install /home/luccapbs/Desktop/Robotica/APS2_ws/build/robot_description
[1.141s] -- Install configuration: ""
[1.142s] -- Up-to-date: /home/luccapbs/Desktop/Robotica/APS2_ws/install/robot_description/share/robot_description//urdf
[1.142s] -- Up-to-date: /home/luccapbs/Desktop/Robotica/APS2_ws/install/robot_description/share/robot_description//urdf/robot.urdf.xacro
[1.142s] -- Up-to-date: /home/luccapbs/Desktop/Robotica/APS2_ws/install/robot_description/share/robot_description//urdf/inertial_macros.xacro
[1.143s] -- Up-to-date: /home/luccapbs/Desktop/Robotica/APS2_ws/install/robot_description/share/robot_description//urdf/robot_core.xacro
[1.143s] -- Up-to-date: /home/luccapbs/Desktop/Robotica/APS2_ws/install/robot_description/share/robot_description//urdf/sensors.xacro
[1.165s] -- Up-to-date: /home/luccapbs/Desktop/Robotica/APS2_ws/install/robot_description/share/robot_description//launch
[1.165s] -- Up-to-date: /home/luccapbs/Desktop/Robotica/APS2_ws/install/robot_description/share/robot_description//launch/robot_simulation.launch.py
[1.181s] -- Up-to-date: /home/luccapbs/Desktop/Robotica/APS2_ws/install/robot_description/share/robot_description//rviz
[1.181s] -- Up-to-date: /home/luccapbs/Desktop/Robotica/APS2_ws/install/robot_description/share/robot_description//rviz/robot_vis.rviz
[1.182s] -- Up-to-date: /home/luccapbs/Desktop/Robotica/APS2_ws/install/robot_description/share/robot_description//world
[1.182s] -- Up-to-date: /home/luccapbs/Desktop/Robotica/APS2_ws/install/robot_description/share/robot_description//world/house
[1.182s] -- Up-to-date: /home/luccapbs/Desktop/Robotica/APS2_ws/install/robot_description/share/robot_description//world/house/model.sdf
[1.182s] -- Up-to-date: /home/luccapbs/Desktop/Robotica/APS2_ws/install/robot_description/share/robot_description//world/house/model.config
[1.183s] -- Up-to-date: /home/luccapbs/Desktop/Robotica/APS2_ws/install/robot_description/share/robot_description//world/world.world
[1.183s] -- Up-to-date: /home/luccapbs/Desktop/Robotica/APS2_ws/install/robot_description/share/ament_index/resource_index/package_run_dependencies/robot_description
[1.183s] -- Up-to-date: /home/luccapbs/Desktop/Robotica/APS2_ws/install/robot_description/share/ament_index/resource_index/parent_prefix_path/robot_description
[1.183s] -- Up-to-date: /home/luccapbs/Desktop/Robotica/APS2_ws/install/robot_description/share/robot_description/environment/ament_prefix_path.sh
[1.184s] -- Up-to-date: /home/luccapbs/Desktop/Robotica/APS2_ws/install/robot_description/share/robot_description/environment/ament_prefix_path.dsv
[1.184s] -- Up-to-date: /home/luccapbs/Desktop/Robotica/APS2_ws/install/robot_description/share/robot_description/environment/path.sh
[1.184s] -- Up-to-date: /home/luccapbs/Desktop/Robotica/APS2_ws/install/robot_description/share/robot_description/environment/path.dsv
[1.184s] -- Up-to-date: /home/luccapbs/Desktop/Robotica/APS2_ws/install/robot_description/share/robot_description/local_setup.bash
[1.185s] -- Up-to-date: /home/luccapbs/Desktop/Robotica/APS2_ws/install/robot_description/share/robot_description/local_setup.sh
[1.197s] -- Up-to-date: /home/luccapbs/Desktop/Robotica/APS2_ws/install/robot_description/share/robot_description/local_setup.zsh
[1.197s] -- Up-to-date: /home/luccapbs/Desktop/Robotica/APS2_ws/install/robot_description/share/robot_description/local_setup.dsv
[1.198s] -- Installing: /home/luccapbs/Desktop/Robotica/APS2_ws/install/robot_description/share/robot_description/package.dsv
[1.198s] -- Up-to-date: /home/luccapbs/Desktop/Robotica/APS2_ws/install/robot_description/share/ament_index/resource_index/packages/robot_description
[1.221s] -- Up-to-date: /home/luccapbs/Desktop/Robotica/APS2_ws/install/robot_description/share/robot_description/cmake/robot_descriptionConfig.cmake
[1.221s] -- Up-to-date: /home/luccapbs/Desktop/Robotica/APS2_ws/install/robot_description/share/robot_description/cmake/robot_descriptionConfig-version.cmake
[1.222s] -- Up-to-date: /home/luccapbs/Desktop/Robotica/APS2_ws/install/robot_description/share/robot_description/package.xml
[1.222s] Invoked command in '/home/luccapbs/Desktop/Robotica/APS2_ws/build/robot_description' returned '0': CMAKE_PREFIX_PATH=${CMAKE_PREFIX_PATH}:/home/luccapbs/Desktop/Robotica/APS2_ws/install/navigation:/opt/ros/foxy /usr/bin/cmake --install /home/luccapbs/Desktop/Robotica/APS2_ws/build/robot_description
