[2.846s] Invoking command in '/home/luccapbs/Desktop/Robotica/APS2_ws/src/navigation': PYTHONPATH=/home/luccapbs/Desktop/Robotica/APS2_ws/build/navigation/prefix_override:/usr/lib/python3/dist-packages/colcon_core/task/python/colcon_distutils_commands:/home/luccapbs/Desktop/Robotica/APS2_ws/install/navigation/lib/python3.8/site-packages:${PYTHONPATH} /usr/bin/python3 -W ignore:setup.py install is deprecated -W ignore:easy_install command is deprecated setup.py egg_info --egg-base ../../build/navigation build --build-base /home/luccapbs/Desktop/Robotica/APS2_ws/build/navigation/build install --record /home/luccapbs/Desktop/Robotica/APS2_ws/build/navigation/install.log --install-scripts $base/lib/navigation --single-version-externally-managed install_data
[3.469s] running egg_info
[3.471s] writing ../../build/navigation/navigation.egg-info/PKG-INFO
[3.472s] writing dependency_links to ../../build/navigation/navigation.egg-info/dependency_links.txt
[3.473s] writing entry points to ../../build/navigation/navigation.egg-info/entry_points.txt
[3.474s] writing requirements to ../../build/navigation/navigation.egg-info/requires.txt
[3.475s] writing top-level names to ../../build/navigation/navigation.egg-info/top_level.txt
[3.587s] reading manifest file '../../build/navigation/navigation.egg-info/SOURCES.txt'
[3.591s] writing manifest file '../../build/navigation/navigation.egg-info/SOURCES.txt'
[3.594s] running build
[3.594s] running build_py
[3.595s] running install
[3.595s] running install_lib
[3.599s] running install_data
[3.600s] running install_egg_info
[3.604s] removing '/home/luccapbs/Desktop/Robotica/APS2_ws/install/navigation/lib/python3.8/site-packages/navigation-0.0.0-py3.8.egg-info' (and everything under it)
[3.619s] Copying ../../build/navigation/navigation.egg-info to /home/luccapbs/Desktop/Robotica/APS2_ws/install/navigation/lib/python3.8/site-packages/navigation-0.0.0-py3.8.egg-info
[3.619s] running install_scripts
[3.656s] Installing lidar script to /home/luccapbs/Desktop/Robotica/APS2_ws/install/navigation/lib/navigation
[3.659s] writing list of installed files to '/home/luccapbs/Desktop/Robotica/APS2_ws/build/navigation/install.log'
[3.715s] Invoked command in '/home/luccapbs/Desktop/Robotica/APS2_ws/src/navigation' returned '0': PYTHONPATH=/home/luccapbs/Desktop/Robotica/APS2_ws/build/navigation/prefix_override:/usr/lib/python3/dist-packages/colcon_core/task/python/colcon_distutils_commands:/home/luccapbs/Desktop/Robotica/APS2_ws/install/navigation/lib/python3.8/site-packages:${PYTHONPATH} /usr/bin/python3 -W ignore:setup.py install is deprecated -W ignore:easy_install command is deprecated setup.py egg_info --egg-base ../../build/navigation build --build-base /home/luccapbs/Desktop/Robotica/APS2_ws/build/navigation/build install --record /home/luccapbs/Desktop/Robotica/APS2_ws/build/navigation/install.log --install-scripts $base/lib/navigation --single-version-externally-managed install_data
