[3.709s] DEBUG:colcon:Command line arguments: ['/usr/bin/colcon', 'list', '-p', '--base-paths', '/home/luccapbs/Desktop/Robotica/APS2_ws']
[3.716s] DEBUG:colcon:Parsed command line arguments: Namespace(allow_overriding=[], base_paths=['/home/luccapbs/Desktop/Robotica/APS2_ws'], build_base='build', ignore_user_meta=False, log_base=None, log_level=None, main=<bound method ListVerb.main of <colcon_package_information.verb.list.ListVerb object at 0x7eff290f4ca0>>, metas=['./colcon.meta'], mixin=None, mixin_files=None, mixin_verb=('list',), names_only=False, packages_above=None, packages_above_and_dependencies=None, packages_above_depth=None, packages_end=None, packages_ignore=None, packages_ignore_regex=None, packages_select=None, packages_select_build_failed=False, packages_select_by_dep=None, packages_select_regex=None, packages_select_test_failures=False, packages_skip=None, packages_skip_build_finished=False, packages_skip_by_dep=None, packages_skip_regex=None, packages_skip_test_passed=False, packages_skip_up_to=None, packages_start=None, packages_up_to=None, packages_up_to_regex=None, paths=None, paths_only=True, topological_graph=False, topological_graph_density=False, topological_graph_dot=False, topological_graph_dot_cluster=False, topological_graph_dot_include_skipped=False, topological_graph_legend=False, topological_order=False, verb_extension=<colcon_package_information.verb.list.ListVerb object at 0x7eff290f4ca0>, verb_name='list', verb_parser=<colcon_mixin.mixin.mixin_argument.MixinArgumentDecorator object at 0x7eff29101fa0>)
[5.995s] Level 1:colcon.colcon_core.package_discovery:discover_packages(colcon_meta) check parameters
[5.995s] Level 1:colcon.colcon_core.package_discovery:discover_packages(recursive) check parameters
[5.995s] Level 1:colcon.colcon_core.package_discovery:discover_packages(ignore) check parameters
[5.995s] Level 1:colcon.colcon_core.package_discovery:discover_packages(path) check parameters
[5.995s] Level 1:colcon.colcon_core.package_discovery:discover_packages(recursive) discover
[5.995s] INFO:colcon.colcon_core.package_discovery:Crawling recursively for packages in '/home/luccapbs/Desktop/Robotica/APS2_ws'
[5.996s] Level 1:colcon.colcon_core.package_identification:_identify(/home/luccapbs/Desktop/Robotica/APS2_ws) by extensions ['ignore', 'ignore_ament_install']
[5.996s] Level 1:colcon.colcon_core.package_identification:_identify(/home/luccapbs/Desktop/Robotica/APS2_ws) by extension 'ignore'
[5.996s] Level 1:colcon.colcon_core.package_identification:_identify(/home/luccapbs/Desktop/Robotica/APS2_ws) by extension 'ignore_ament_install'
[5.996s] Level 1:colcon.colcon_core.package_identification:_identify(/home/luccapbs/Desktop/Robotica/APS2_ws) by extensions ['colcon_pkg']
[5.996s] Level 1:colcon.colcon_core.package_identification:_identify(/home/luccapbs/Desktop/Robotica/APS2_ws) by extension 'colcon_pkg'
[6.002s] Level 1:colcon.colcon_core.package_identification:_identify(/home/luccapbs/Desktop/Robotica/APS2_ws) by extensions ['colcon_meta']
[6.009s] Level 1:colcon.colcon_core.package_identification:_identify(/home/luccapbs/Desktop/Robotica/APS2_ws) by extension 'colcon_meta'
[6.009s] Level 1:colcon.colcon_core.package_identification:_identify(/home/luccapbs/Desktop/Robotica/APS2_ws) by extensions ['ros']
[6.010s] Level 1:colcon.colcon_core.package_identification:_identify(/home/luccapbs/Desktop/Robotica/APS2_ws) by extension 'ros'
[6.124s] Level 1:colcon.colcon_core.package_identification:_identify(/home/luccapbs/Desktop/Robotica/APS2_ws) by extensions ['cmake', 'python']
[6.124s] Level 1:colcon.colcon_core.package_identification:_identify(/home/luccapbs/Desktop/Robotica/APS2_ws) by extension 'cmake'
[6.124s] Level 1:colcon.colcon_core.package_identification:_identify(/home/luccapbs/Desktop/Robotica/APS2_ws) by extension 'python'
[6.125s] Level 1:colcon.colcon_core.package_identification:_identify(/home/luccapbs/Desktop/Robotica/APS2_ws) by extensions ['python_setup_py']
[6.125s] Level 1:colcon.colcon_core.package_identification:_identify(/home/luccapbs/Desktop/Robotica/APS2_ws) by extension 'python_setup_py'
[6.128s] Level 1:colcon.colcon_core.package_identification:_identify(/home/luccapbs/Desktop/Robotica/APS2_ws/log) by extensions ['ignore', 'ignore_ament_install']
[6.129s] Level 1:colcon.colcon_core.package_identification:_identify(/home/luccapbs/Desktop/Robotica/APS2_ws/log) by extension 'ignore'
[6.129s] Level 1:colcon.colcon_core.package_identification:_identify(/home/luccapbs/Desktop/Robotica/APS2_ws/log) ignored
[6.129s] Level 1:colcon.colcon_core.package_identification:_identify(/home/luccapbs/Desktop/Robotica/APS2_ws/src) by extensions ['ignore', 'ignore_ament_install']
[6.130s] Level 1:colcon.colcon_core.package_identification:_identify(/home/luccapbs/Desktop/Robotica/APS2_ws/src) by extension 'ignore'
[6.130s] Level 1:colcon.colcon_core.package_identification:_identify(/home/luccapbs/Desktop/Robotica/APS2_ws/src) by extension 'ignore_ament_install'
[6.130s] Level 1:colcon.colcon_core.package_identification:_identify(/home/luccapbs/Desktop/Robotica/APS2_ws/src) by extensions ['colcon_pkg']
[6.130s] Level 1:colcon.colcon_core.package_identification:_identify(/home/luccapbs/Desktop/Robotica/APS2_ws/src) by extension 'colcon_pkg'
[6.130s] Level 1:colcon.colcon_core.package_identification:_identify(/home/luccapbs/Desktop/Robotica/APS2_ws/src) by extensions ['colcon_meta']
[6.130s] Level 1:colcon.colcon_core.package_identification:_identify(/home/luccapbs/Desktop/Robotica/APS2_ws/src) by extension 'colcon_meta'
[6.130s] Level 1:colcon.colcon_core.package_identification:_identify(/home/luccapbs/Desktop/Robotica/APS2_ws/src) by extensions ['ros']
[6.130s] Level 1:colcon.colcon_core.package_identification:_identify(/home/luccapbs/Desktop/Robotica/APS2_ws/src) by extension 'ros'
[6.131s] Level 1:colcon.colcon_core.package_identification:_identify(/home/luccapbs/Desktop/Robotica/APS2_ws/src) by extensions ['cmake', 'python']
[6.131s] Level 1:colcon.colcon_core.package_identification:_identify(/home/luccapbs/Desktop/Robotica/APS2_ws/src) by extension 'cmake'
[6.131s] Level 1:colcon.colcon_core.package_identification:_identify(/home/luccapbs/Desktop/Robotica/APS2_ws/src) by extension 'python'
[6.131s] Level 1:colcon.colcon_core.package_identification:_identify(/home/luccapbs/Desktop/Robotica/APS2_ws/src) by extensions ['python_setup_py']
[6.131s] Level 1:colcon.colcon_core.package_identification:_identify(/home/luccapbs/Desktop/Robotica/APS2_ws/src) by extension 'python_setup_py'
[6.131s] Level 1:colcon.colcon_core.package_identification:_identify(/home/luccapbs/Desktop/Robotica/APS2_ws/src/navigation) by extensions ['ignore', 'ignore_ament_install']
[6.132s] Level 1:colcon.colcon_core.package_identification:_identify(/home/luccapbs/Desktop/Robotica/APS2_ws/src/navigation) by extension 'ignore'
[6.132s] Level 1:colcon.colcon_core.package_identification:_identify(/home/luccapbs/Desktop/Robotica/APS2_ws/src/navigation) by extension 'ignore_ament_install'
[6.132s] Level 1:colcon.colcon_core.package_identification:_identify(/home/luccapbs/Desktop/Robotica/APS2_ws/src/navigation) by extensions ['colcon_pkg']
[6.132s] Level 1:colcon.colcon_core.package_identification:_identify(/home/luccapbs/Desktop/Robotica/APS2_ws/src/navigation) by extension 'colcon_pkg'
[6.132s] Level 1:colcon.colcon_core.package_identification:_identify(/home/luccapbs/Desktop/Robotica/APS2_ws/src/navigation) by extensions ['colcon_meta']
[6.142s] Level 1:colcon.colcon_core.package_identification:_identify(/home/luccapbs/Desktop/Robotica/APS2_ws/src/navigation) by extension 'colcon_meta'
[6.142s] Level 1:colcon.colcon_core.package_identification:_identify(/home/luccapbs/Desktop/Robotica/APS2_ws/src/navigation) by extensions ['ros']
[6.142s] Level 1:colcon.colcon_core.package_identification:_identify(/home/luccapbs/Desktop/Robotica/APS2_ws/src/navigation) by extension 'ros'
[6.157s] DEBUG:colcon.colcon_core.package_identification:Package '/home/luccapbs/Desktop/Robotica/APS2_ws/src/navigation' with type 'ros.ament_python' and name 'navigation'
[6.159s] Level 1:colcon.colcon_core.package_identification:_identify(/home/luccapbs/Desktop/Robotica/APS2_ws/src/robot_description) by extensions ['ignore', 'ignore_ament_install']
[6.159s] Level 1:colcon.colcon_core.package_identification:_identify(/home/luccapbs/Desktop/Robotica/APS2_ws/src/robot_description) by extension 'ignore'
[6.159s] Level 1:colcon.colcon_core.package_identification:_identify(/home/luccapbs/Desktop/Robotica/APS2_ws/src/robot_description) by extension 'ignore_ament_install'
[6.159s] Level 1:colcon.colcon_core.package_identification:_identify(/home/luccapbs/Desktop/Robotica/APS2_ws/src/robot_description) by extensions ['colcon_pkg']
[6.159s] Level 1:colcon.colcon_core.package_identification:_identify(/home/luccapbs/Desktop/Robotica/APS2_ws/src/robot_description) by extension 'colcon_pkg'
[6.159s] Level 1:colcon.colcon_core.package_identification:_identify(/home/luccapbs/Desktop/Robotica/APS2_ws/src/robot_description) by extensions ['colcon_meta']
[6.160s] Level 1:colcon.colcon_core.package_identification:_identify(/home/luccapbs/Desktop/Robotica/APS2_ws/src/robot_description) by extension 'colcon_meta'
[6.160s] Level 1:colcon.colcon_core.package_identification:_identify(/home/luccapbs/Desktop/Robotica/APS2_ws/src/robot_description) by extensions ['ros']
[6.160s] Level 1:colcon.colcon_core.package_identification:_identify(/home/luccapbs/Desktop/Robotica/APS2_ws/src/robot_description) by extension 'ros'
[6.163s] DEBUG:colcon.colcon_core.package_identification:Package '/home/luccapbs/Desktop/Robotica/APS2_ws/src/robot_description' with type 'ros.ament_cmake' and name 'robot_description'
[6.163s] Level 1:colcon.colcon_core.package_discovery:discover_packages(recursive) using defaults
