[2.061s] Invoking command in '/home/luccapbs/Desktop/Robotica/APS2_ws/src/navigation': PYTHONPATH=/home/luccapbs/Desktop/Robotica/APS2_ws/build/navigation/prefix_override:/usr/lib/python3/dist-packages/colcon_core/task/python/colcon_distutils_commands:/home/luccapbs/Desktop/Robotica/APS2_ws/install/navigation/lib/python3.8/site-packages:${PYTHONPATH} /usr/bin/python3 -W ignore:setup.py install is deprecated -W ignore:easy_install command is deprecated setup.py egg_info --egg-base ../../build/navigation build --build-base /home/luccapbs/Desktop/Robotica/APS2_ws/build/navigation/build install --record /home/luccapbs/Desktop/Robotica/APS2_ws/build/navigation/install.log --install-scripts $base/lib/navigation --single-version-externally-managed install_data
[2.691s] running egg_info
[2.694s] writing ../../build/navigation/navigation.egg-info/PKG-INFO
[2.697s] writing dependency_links to ../../build/navigation/navigation.egg-info/dependency_links.txt
[2.698s] writing entry points to ../../build/navigation/navigation.egg-info/entry_points.txt
[2.698s] writing requirements to ../../build/navigation/navigation.egg-info/requires.txt
[2.698s] writing top-level names to ../../build/navigation/navigation.egg-info/top_level.txt
[2.822s] reading manifest file '../../build/navigation/navigation.egg-info/SOURCES.txt'
[2.827s] writing manifest file '../../build/navigation/navigation.egg-info/SOURCES.txt'
[2.830s] running build
[2.830s] running build_py
[2.830s] copying navigation/lidar_node.py -> /home/luccapbs/Desktop/Robotica/APS2_ws/build/navigation/build/lib/navigation
[2.831s] running install
[2.831s] running install_lib
[2.834s] copying /home/luccapbs/Desktop/Robotica/APS2_ws/build/navigation/build/lib/navigation/lidar_node.py -> /home/luccapbs/Desktop/Robotica/APS2_ws/install/navigation/lib/python3.8/site-packages/navigation
[2.837s] byte-compiling /home/luccapbs/Desktop/Robotica/APS2_ws/install/navigation/lib/python3.8/site-packages/navigation/lidar_node.py to lidar_node.cpython-38.pyc
[2.839s] running install_data
[2.840s] running install_egg_info
[2.844s] removing '/home/luccapbs/Desktop/Robotica/APS2_ws/install/navigation/lib/python3.8/site-packages/navigation-0.0.0-py3.8.egg-info' (and everything under it)
[2.854s] Copying ../../build/navigation/navigation.egg-info to /home/luccapbs/Desktop/Robotica/APS2_ws/install/navigation/lib/python3.8/site-packages/navigation-0.0.0-py3.8.egg-info
[2.855s] running install_scripts
[2.901s] Installing main script to /home/luccapbs/Desktop/Robotica/APS2_ws/install/navigation/lib/navigation
[2.902s] writing list of installed files to '/home/luccapbs/Desktop/Robotica/APS2_ws/build/navigation/install.log'
[2.955s] Invoked command in '/home/luccapbs/Desktop/Robotica/APS2_ws/src/navigation' returned '0': PYTHONPATH=/home/luccapbs/Desktop/Robotica/APS2_ws/build/navigation/prefix_override:/usr/lib/python3/dist-packages/colcon_core/task/python/colcon_distutils_commands:/home/luccapbs/Desktop/Robotica/APS2_ws/install/navigation/lib/python3.8/site-packages:${PYTHONPATH} /usr/bin/python3 -W ignore:setup.py install is deprecated -W ignore:easy_install command is deprecated setup.py egg_info --egg-base ../../build/navigation build --build-base /home/luccapbs/Desktop/Robotica/APS2_ws/build/navigation/build install --record /home/luccapbs/Desktop/Robotica/APS2_ws/build/navigation/install.log --install-scripts $base/lib/navigation --single-version-externally-managed install_data
