[0.993s] Invoking command in '/home/luccapbs/Desktop/Robotica/APS2_ws/build/robot_description': CMAKE_PREFIX_PATH=/opt/ros/foxy /usr/bin/cmake --build /home/luccapbs/Desktop/Robotica/APS2_ws/build/robot_description -- -j3 -l3
[1.501s] Invoked command in '/home/luccapbs/Desktop/Robotica/APS2_ws/build/robot_description' returned '0': CMAKE_PREFIX_PATH=/opt/ros/foxy /usr/bin/cmake --build /home/luccapbs/Desktop/Robotica/APS2_ws/build/robot_description -- -j3 -l3
[1.592s] Invoking command in '/home/luccapbs/Desktop/Robotica/APS2_ws/build/robot_description': CMAKE_PREFIX_PATH=/opt/ros/foxy /usr/bin/cmake --install /home/luccapbs/Desktop/Robotica/APS2_ws/build/robot_description
[1.667s] -- Install configuration: ""
[1.668s] -- Up-to-date: /home/luccapbs/Desktop/Robotica/APS2_ws/install/robot_description/share/robot_description//urdf
[1.669s] -- Up-to-date: /home/luccapbs/Desktop/Robotica/APS2_ws/install/robot_description/share/robot_description//urdf/robot.urdf.xacro
[1.669s] -- Up-to-date: /home/luccapbs/Desktop/Robotica/APS2_ws/install/robot_description/share/robot_description//urdf/inertial_macros.xacro
[1.670s] -- Up-to-date: /home/luccapbs/Desktop/Robotica/APS2_ws/install/robot_description/share/robot_description//urdf/robot_core.xacro
[1.670s] -- Up-to-date: /home/luccapbs/Desktop/Robotica/APS2_ws/install/robot_description/share/robot_description//urdf/sensors.xacro
[1.670s] -- Up-to-date: /home/luccapbs/Desktop/Robotica/APS2_ws/install/robot_description/share/robot_description//launch
[1.670s] -- Up-to-date: /home/luccapbs/Desktop/Robotica/APS2_ws/install/robot_description/share/robot_description//launch/robot_simulation.launch.py
[1.671s] -- Up-to-date: /home/luccapbs/Desktop/Robotica/APS2_ws/install/robot_description/share/robot_description//rviz
[1.671s] -- Up-to-date: /home/luccapbs/Desktop/Robotica/APS2_ws/install/robot_description/share/robot_description//rviz/robot_vis.rviz
[1.671s] -- Up-to-date: /home/luccapbs/Desktop/Robotica/APS2_ws/install/robot_description/share/robot_description//world
[1.671s] -- Up-to-date: /home/luccapbs/Desktop/Robotica/APS2_ws/install/robot_description/share/robot_description//world/house
[1.686s] -- Up-to-date: /home/luccapbs/Desktop/Robotica/APS2_ws/install/robot_description/share/robot_description//world/house/model.sdf
[1.687s] -- Up-to-date: /home/luccapbs/Desktop/Robotica/APS2_ws/install/robot_description/share/robot_description//world/house/model.config
[1.687s] -- Up-to-date: /home/luccapbs/Desktop/Robotica/APS2_ws/install/robot_description/share/robot_description//world/world.world
[1.687s] -- Up-to-date: /home/luccapbs/Desktop/Robotica/APS2_ws/install/robot_description/share/ament_index/resource_index/package_run_dependencies/robot_description
[1.687s] -- Up-to-date: /home/luccapbs/Desktop/Robotica/APS2_ws/install/robot_description/share/ament_index/resource_index/parent_prefix_path/robot_description
[1.687s] -- Up-to-date: /home/luccapbs/Desktop/Robotica/APS2_ws/install/robot_description/share/robot_description/environment/ament_prefix_path.sh
[1.688s] -- Up-to-date: /home/luccapbs/Desktop/Robotica/APS2_ws/install/robot_description/share/robot_description/environment/ament_prefix_path.dsv
[1.688s] -- Up-to-date: /home/luccapbs/Desktop/Robotica/APS2_ws/install/robot_description/share/robot_description/environment/path.sh
[1.688s] -- Up-to-date: /home/luccapbs/Desktop/Robotica/APS2_ws/install/robot_description/share/robot_description/environment/path.dsv
[1.688s] -- Up-to-date: /home/luccapbs/Desktop/Robotica/APS2_ws/install/robot_description/share/robot_description/local_setup.bash
[1.688s] -- Up-to-date: /home/luccapbs/Desktop/Robotica/APS2_ws/install/robot_description/share/robot_description/local_setup.sh
[1.689s] -- Up-to-date: /home/luccapbs/Desktop/Robotica/APS2_ws/install/robot_description/share/robot_description/local_setup.zsh
[1.689s] -- Up-to-date: /home/luccapbs/Desktop/Robotica/APS2_ws/install/robot_description/share/robot_description/local_setup.dsv
[1.689s] -- Installing: /home/luccapbs/Desktop/Robotica/APS2_ws/install/robot_description/share/robot_description/package.dsv
[1.700s] -- Up-to-date: /home/luccapbs/Desktop/Robotica/APS2_ws/install/robot_description/share/ament_index/resource_index/packages/robot_description
[1.706s] -- Up-to-date: /home/luccapbs/Desktop/Robotica/APS2_ws/install/robot_description/share/robot_description/cmake/robot_descriptionConfig.cmake
[1.706s] -- Up-to-date: /home/luccapbs/Desktop/Robotica/APS2_ws/install/robot_description/share/robot_description/cmake/robot_descriptionConfig-version.cmake
[1.706s] -- Up-to-date: /home/luccapbs/Desktop/Robotica/APS2_ws/install/robot_description/share/robot_description/package.xml
[1.711s] Invoked command in '/home/luccapbs/Desktop/Robotica/APS2_ws/build/robot_description' returned '0': CMAKE_PREFIX_PATH=/opt/ros/foxy /usr/bin/cmake --install /home/luccapbs/Desktop/Robotica/APS2_ws/build/robot_description
