[4.479s] Invoking command in '/home/luccapbs/Desktop/Robotica/APS2_ws/src/navigation': PYTHONPATH=/home/luccapbs/Desktop/Robotica/APS2_ws/build/navigation/prefix_override:/usr/lib/python3/dist-packages/colcon_core/task/python/colcon_distutils_commands:/home/luccapbs/Desktop/Robotica/APS2_ws/install/navigation/lib/python3.8/site-packages:${PYTHONPATH} /usr/bin/python3 -W ignore:setup.py install is deprecated -W ignore:easy_install command is deprecated setup.py egg_info --egg-base ../../build/navigation build --build-base /home/luccapbs/Desktop/Robotica/APS2_ws/build/navigation/build install --record /home/luccapbs/Desktop/Robotica/APS2_ws/build/navigation/install.log --install-scripts $base/lib/navigation --single-version-externally-managed install_data
[5.521s] running egg_info
[5.521s] writing ../../build/navigation/navigation.egg-info/PKG-INFO
[5.521s] writing dependency_links to ../../build/navigation/navigation.egg-info/dependency_links.txt
[5.521s] writing entry points to ../../build/navigation/navigation.egg-info/entry_points.txt
[5.522s] writing requirements to ../../build/navigation/navigation.egg-info/requires.txt
[5.522s] writing top-level names to ../../build/navigation/navigation.egg-info/top_level.txt
[5.722s] reading manifest file '../../build/navigation/navigation.egg-info/SOURCES.txt'
[5.731s] writing manifest file '../../build/navigation/navigation.egg-info/SOURCES.txt'
[5.731s] running build
[5.731s] running build_py
[5.748s] running install
[5.748s] running install_lib
[5.748s] running install_data
[5.748s] running install_egg_info
[5.764s] removing '/home/luccapbs/Desktop/Robotica/APS2_ws/install/navigation/lib/python3.8/site-packages/navigation-0.0.0-py3.8.egg-info' (and everything under it)
[5.776s] Copying ../../build/navigation/navigation.egg-info to /home/luccapbs/Desktop/Robotica/APS2_ws/install/navigation/lib/python3.8/site-packages/navigation-0.0.0-py3.8.egg-info
[5.776s] running install_scripts
[5.854s] Installing lidar script to /home/luccapbs/Desktop/Robotica/APS2_ws/install/navigation/lib/navigation
[5.864s] writing list of installed files to '/home/luccapbs/Desktop/Robotica/APS2_ws/build/navigation/install.log'
[5.930s] Invoked command in '/home/luccapbs/Desktop/Robotica/APS2_ws/src/navigation' returned '0': PYTHONPATH=/home/luccapbs/Desktop/Robotica/APS2_ws/build/navigation/prefix_override:/usr/lib/python3/dist-packages/colcon_core/task/python/colcon_distutils_commands:/home/luccapbs/Desktop/Robotica/APS2_ws/install/navigation/lib/python3.8/site-packages:${PYTHONPATH} /usr/bin/python3 -W ignore:setup.py install is deprecated -W ignore:easy_install command is deprecated setup.py egg_info --egg-base ../../build/navigation build --build-base /home/luccapbs/Desktop/Robotica/APS2_ws/build/navigation/build install --record /home/luccapbs/Desktop/Robotica/APS2_ws/build/navigation/install.log --install-scripts $base/lib/navigation --single-version-externally-managed install_data
