[2.807s] Invoking command in '/home/luccapbs/Desktop/Robotica/APS2_ws/src/navigation': PYTHONPATH=/home/luccapbs/Desktop/Robotica/APS2_ws/build/navigation/prefix_override:/usr/lib/python3/dist-packages/colcon_core/task/python/colcon_distutils_commands:/home/luccapbs/Desktop/Robotica/APS2_ws/install/navigation/lib/python3.8/site-packages:${PYTHONPATH} /usr/bin/python3 -W ignore:setup.py install is deprecated -W ignore:easy_install command is deprecated setup.py egg_info --egg-base ../../build/navigation build --build-base /home/luccapbs/Desktop/Robotica/APS2_ws/build/navigation/build install --record /home/luccapbs/Desktop/Robotica/APS2_ws/build/navigation/install.log --install-scripts $base/lib/navigation --single-version-externally-managed install_data
[3.419s] running egg_info
[3.420s] writing ../../build/navigation/navigation.egg-info/PKG-INFO
[3.422s] writing dependency_links to ../../build/navigation/navigation.egg-info/dependency_links.txt
[3.423s] writing entry points to ../../build/navigation/navigation.egg-info/entry_points.txt
[3.424s] writing requirements to ../../build/navigation/navigation.egg-info/requires.txt
[3.425s] writing top-level names to ../../build/navigation/navigation.egg-info/top_level.txt
[3.536s] reading manifest file '../../build/navigation/navigation.egg-info/SOURCES.txt'
[3.540s] writing manifest file '../../build/navigation/navigation.egg-info/SOURCES.txt'
[3.543s] running build
[3.543s] running build_py
[3.543s] copying navigation/lidar_node.py -> /home/luccapbs/Desktop/Robotica/APS2_ws/build/navigation/build/lib/navigation
[3.543s] running install
[3.544s] running install_lib
[3.547s] copying /home/luccapbs/Desktop/Robotica/APS2_ws/build/navigation/build/lib/navigation/lidar_node.py -> /home/luccapbs/Desktop/Robotica/APS2_ws/install/navigation/lib/python3.8/site-packages/navigation
[3.548s] byte-compiling /home/luccapbs/Desktop/Robotica/APS2_ws/install/navigation/lib/python3.8/site-packages/navigation/lidar_node.py to lidar_node.cpython-38.pyc
[3.553s] running install_data
[3.554s] running install_egg_info
[3.558s] removing '/home/luccapbs/Desktop/Robotica/APS2_ws/install/navigation/lib/python3.8/site-packages/navigation-0.0.0-py3.8.egg-info' (and everything under it)
[3.559s] Copying ../../build/navigation/navigation.egg-info to /home/luccapbs/Desktop/Robotica/APS2_ws/install/navigation/lib/python3.8/site-packages/navigation-0.0.0-py3.8.egg-info
[3.562s] running install_scripts
[3.608s] Installing lidar script to /home/luccapbs/Desktop/Robotica/APS2_ws/install/navigation/lib/navigation
[3.609s] writing list of installed files to '/home/luccapbs/Desktop/Robotica/APS2_ws/build/navigation/install.log'
[3.657s] Invoked command in '/home/luccapbs/Desktop/Robotica/APS2_ws/src/navigation' returned '0': PYTHONPATH=/home/luccapbs/Desktop/Robotica/APS2_ws/build/navigation/prefix_override:/usr/lib/python3/dist-packages/colcon_core/task/python/colcon_distutils_commands:/home/luccapbs/Desktop/Robotica/APS2_ws/install/navigation/lib/python3.8/site-packages:${PYTHONPATH} /usr/bin/python3 -W ignore:setup.py install is deprecated -W ignore:easy_install command is deprecated setup.py egg_info --egg-base ../../build/navigation build --build-base /home/luccapbs/Desktop/Robotica/APS2_ws/build/navigation/build install --record /home/luccapbs/Desktop/Robotica/APS2_ws/build/navigation/install.log --install-scripts $base/lib/navigation --single-version-externally-managed install_data
