[2.057s] Invoking command in '/home/luccapbs/Desktop/Robotica/APS2_ws/src/navigation': PYTHONPATH=/home/luccapbs/Desktop/Robotica/APS2_ws/build/navigation/prefix_override:/usr/lib/python3/dist-packages/colcon_core/task/python/colcon_distutils_commands:/home/luccapbs/Desktop/Robotica/APS2_ws/install/navigation/lib/python3.8/site-packages:${PYTHONPATH} /usr/bin/python3 -W ignore:setup.py install is deprecated -W ignore:easy_install command is deprecated setup.py egg_info --egg-base ../../build/navigation build --build-base /home/luccapbs/Desktop/Robotica/APS2_ws/build/navigation/build install --record /home/luccapbs/Desktop/Robotica/APS2_ws/build/navigation/install.log --install-scripts $base/lib/navigation --single-version-externally-managed install_data
[2.708s] running egg_info
[2.710s] writing ../../build/navigation/navigation.egg-info/PKG-INFO
[2.711s] writing dependency_links to ../../build/navigation/navigation.egg-info/dependency_links.txt
[2.712s] writing entry points to ../../build/navigation/navigation.egg-info/entry_points.txt
[2.712s] writing requirements to ../../build/navigation/navigation.egg-info/requires.txt
[2.713s] writing top-level names to ../../build/navigation/navigation.egg-info/top_level.txt
[2.833s] reading manifest file '../../build/navigation/navigation.egg-info/SOURCES.txt'
[2.836s] writing manifest file '../../build/navigation/navigation.egg-info/SOURCES.txt'
[2.837s] running build
[2.837s] running build_py
[2.838s] running install
[2.840s] running install_lib
[2.844s] running install_data
[2.845s] running install_egg_info
[2.849s] removing '/home/luccapbs/Desktop/Robotica/APS2_ws/install/navigation/lib/python3.8/site-packages/navigation-0.0.0-py3.8.egg-info' (and everything under it)
[2.850s] Copying ../../build/navigation/navigation.egg-info to /home/luccapbs/Desktop/Robotica/APS2_ws/install/navigation/lib/python3.8/site-packages/navigation-0.0.0-py3.8.egg-info
[2.853s] running install_scripts
[2.899s] Installing lidar script to /home/luccapbs/Desktop/Robotica/APS2_ws/install/navigation/lib/navigation
[2.900s] writing list of installed files to '/home/luccapbs/Desktop/Robotica/APS2_ws/build/navigation/install.log'
[2.950s] Invoked command in '/home/luccapbs/Desktop/Robotica/APS2_ws/src/navigation' returned '0': PYTHONPATH=/home/luccapbs/Desktop/Robotica/APS2_ws/build/navigation/prefix_override:/usr/lib/python3/dist-packages/colcon_core/task/python/colcon_distutils_commands:/home/luccapbs/Desktop/Robotica/APS2_ws/install/navigation/lib/python3.8/site-packages:${PYTHONPATH} /usr/bin/python3 -W ignore:setup.py install is deprecated -W ignore:easy_install command is deprecated setup.py egg_info --egg-base ../../build/navigation build --build-base /home/luccapbs/Desktop/Robotica/APS2_ws/build/navigation/build install --record /home/luccapbs/Desktop/Robotica/APS2_ws/build/navigation/install.log --install-scripts $base/lib/navigation --single-version-externally-managed install_data
