[0.592s] DEBUG:colcon:Command line arguments: ['/usr/bin/colcon', 'build']
[0.593s] DEBUG:colcon:Parsed command line arguments: Namespace(allow_overriding=[], ament_cmake_args=None, base_paths=['.'], build_base='build', catkin_cmake_args=None, catkin_skip_building_tests=False, cmake_args=None, cmake_clean_cache=False, cmake_clean_first=False, cmake_force_configure=False, cmake_target=None, cmake_target_skip_unavailable=False, continue_on_error=False, event_handlers=None, executor='parallel', ignore_user_meta=False, install_base='install', log_base=None, log_level=None, main=<bound method BuildVerb.main of <colcon_core.verb.build.BuildVerb object at 0x7fd4c69c22e0>>, merge_install=False, metas=['./colcon.meta'], mixin=None, mixin_files=None, mixin_verb=('build',), packages_above=None, packages_above_and_dependencies=None, packages_above_depth=None, packages_end=None, packages_ignore=None, packages_ignore_regex=None, packages_select=None, packages_select_build_failed=False, packages_select_by_dep=None, packages_select_regex=None, packages_select_test_failures=False, packages_skip=None, packages_skip_build_finished=False, packages_skip_by_dep=None, packages_skip_regex=None, packages_skip_test_passed=False, packages_skip_up_to=None, packages_start=None, packages_up_to=None, packages_up_to_regex=None, parallel_workers=3, paths=None, symlink_install=False, test_result_base=None, verb_extension=<colcon_core.verb.build.BuildVerb object at 0x7fd4c69c22e0>, verb_name='build', verb_parser=<colcon_mixin.mixin.mixin_argument.MixinArgumentDecorator object at 0x7fd4c69d0040>)
[1.026s] Level 1:colcon.colcon_core.package_discovery:discover_packages(colcon_meta) check parameters
[1.027s] Level 1:colcon.colcon_core.package_discovery:discover_packages(recursive) check parameters
[1.027s] Level 1:colcon.colcon_core.package_discovery:discover_packages(ignore) check parameters
[1.028s] Level 1:colcon.colcon_core.package_discovery:discover_packages(path) check parameters
[1.028s] Level 1:colcon.colcon_core.package_discovery:discover_packages(colcon_meta) discover
[1.029s] Level 1:colcon.colcon_core.package_discovery:discover_packages(recursive) discover
[1.029s] INFO:colcon.colcon_core.package_discovery:Crawling recursively for packages in '/home/luccapbs/Desktop/Robotica/APS2_ws'
[1.030s] Level 1:colcon.colcon_core.package_identification:_identify(.) by extensions ['ignore', 'ignore_ament_install']
[1.030s] Level 1:colcon.colcon_core.package_identification:_identify(.) by extension 'ignore'
[1.031s] Level 1:colcon.colcon_core.package_identification:_identify(.) by extension 'ignore_ament_install'
[1.031s] Level 1:colcon.colcon_core.package_identification:_identify(.) by extensions ['colcon_pkg']
[1.032s] Level 1:colcon.colcon_core.package_identification:_identify(.) by extension 'colcon_pkg'
[1.032s] Level 1:colcon.colcon_core.package_identification:_identify(.) by extensions ['colcon_meta']
[1.033s] Level 1:colcon.colcon_core.package_identification:_identify(.) by extension 'colcon_meta'
[1.033s] Level 1:colcon.colcon_core.package_identification:_identify(.) by extensions ['ros']
[1.033s] Level 1:colcon.colcon_core.package_identification:_identify(.) by extension 'ros'
[1.063s] Level 1:colcon.colcon_core.package_identification:_identify(.) by extensions ['cmake', 'python']
[1.063s] Level 1:colcon.colcon_core.package_identification:_identify(.) by extension 'cmake'
[1.064s] Level 1:colcon.colcon_core.package_identification:_identify(.) by extension 'python'
[1.064s] Level 1:colcon.colcon_core.package_identification:_identify(.) by extensions ['python_setup_py']
[1.064s] Level 1:colcon.colcon_core.package_identification:_identify(.) by extension 'python_setup_py'
[1.064s] Level 1:colcon.colcon_core.package_identification:_identify(build) by extensions ['ignore', 'ignore_ament_install']
[1.064s] Level 1:colcon.colcon_core.package_identification:_identify(build) by extension 'ignore'
[1.064s] Level 1:colcon.colcon_core.package_identification:_identify(build) ignored
[1.065s] Level 1:colcon.colcon_core.package_identification:_identify(install) by extensions ['ignore', 'ignore_ament_install']
[1.065s] Level 1:colcon.colcon_core.package_identification:_identify(install) by extension 'ignore'
[1.065s] Level 1:colcon.colcon_core.package_identification:_identify(install) ignored
[1.065s] Level 1:colcon.colcon_core.package_identification:_identify(log) by extensions ['ignore', 'ignore_ament_install']
[1.066s] Level 1:colcon.colcon_core.package_identification:_identify(log) by extension 'ignore'
[1.066s] Level 1:colcon.colcon_core.package_identification:_identify(log) ignored
[1.066s] Level 1:colcon.colcon_core.package_identification:_identify(src) by extensions ['ignore', 'ignore_ament_install']
[1.066s] Level 1:colcon.colcon_core.package_identification:_identify(src) by extension 'ignore'
[1.066s] Level 1:colcon.colcon_core.package_identification:_identify(src) by extension 'ignore_ament_install'
[1.066s] Level 1:colcon.colcon_core.package_identification:_identify(src) by extensions ['colcon_pkg']
[1.066s] Level 1:colcon.colcon_core.package_identification:_identify(src) by extension 'colcon_pkg'
[1.067s] Level 1:colcon.colcon_core.package_identification:_identify(src) by extensions ['colcon_meta']
[1.067s] Level 1:colcon.colcon_core.package_identification:_identify(src) by extension 'colcon_meta'
[1.067s] Level 1:colcon.colcon_core.package_identification:_identify(src) by extensions ['ros']
[1.067s] Level 1:colcon.colcon_core.package_identification:_identify(src) by extension 'ros'
[1.067s] Level 1:colcon.colcon_core.package_identification:_identify(src) by extensions ['cmake', 'python']
[1.067s] Level 1:colcon.colcon_core.package_identification:_identify(src) by extension 'cmake'
[1.067s] Level 1:colcon.colcon_core.package_identification:_identify(src) by extension 'python'
[1.067s] Level 1:colcon.colcon_core.package_identification:_identify(src) by extensions ['python_setup_py']
[1.068s] Level 1:colcon.colcon_core.package_identification:_identify(src) by extension 'python_setup_py'
[1.068s] Level 1:colcon.colcon_core.package_identification:_identify(src/navigation) by extensions ['ignore', 'ignore_ament_install']
[1.068s] Level 1:colcon.colcon_core.package_identification:_identify(src/navigation) by extension 'ignore'
[1.068s] Level 1:colcon.colcon_core.package_identification:_identify(src/navigation) by extension 'ignore_ament_install'
[1.068s] Level 1:colcon.colcon_core.package_identification:_identify(src/navigation) by extensions ['colcon_pkg']
[1.068s] Level 1:colcon.colcon_core.package_identification:_identify(src/navigation) by extension 'colcon_pkg'
[1.068s] Level 1:colcon.colcon_core.package_identification:_identify(src/navigation) by extensions ['colcon_meta']
[1.069s] Level 1:colcon.colcon_core.package_identification:_identify(src/navigation) by extension 'colcon_meta'
[1.069s] Level 1:colcon.colcon_core.package_identification:_identify(src/navigation) by extensions ['ros']
[1.069s] Level 1:colcon.colcon_core.package_identification:_identify(src/navigation) by extension 'ros'
[1.075s] DEBUG:colcon.colcon_core.package_identification:Package 'src/navigation' with type 'ros.ament_python' and name 'navigation'
[1.076s] Level 1:colcon.colcon_core.package_identification:_identify(src/robot_description) by extensions ['ignore', 'ignore_ament_install']
[1.076s] Level 1:colcon.colcon_core.package_identification:_identify(src/robot_description) by extension 'ignore'
[1.076s] Level 1:colcon.colcon_core.package_identification:_identify(src/robot_description) by extension 'ignore_ament_install'
[1.076s] Level 1:colcon.colcon_core.package_identification:_identify(src/robot_description) by extensions ['colcon_pkg']
[1.076s] Level 1:colcon.colcon_core.package_identification:_identify(src/robot_description) by extension 'colcon_pkg'
[1.076s] Level 1:colcon.colcon_core.package_identification:_identify(src/robot_description) by extensions ['colcon_meta']
[1.077s] Level 1:colcon.colcon_core.package_identification:_identify(src/robot_description) by extension 'colcon_meta'
[1.077s] Level 1:colcon.colcon_core.package_identification:_identify(src/robot_description) by extensions ['ros']
[1.077s] Level 1:colcon.colcon_core.package_identification:_identify(src/robot_description) by extension 'ros'
[1.079s] DEBUG:colcon.colcon_core.package_identification:Package 'src/robot_description' with type 'ros.ament_cmake' and name 'robot_description'
[1.079s] Level 1:colcon.colcon_core.package_discovery:discover_packages(recursive) using defaults
[1.079s] Level 1:colcon.colcon_core.package_discovery:discover_packages(ignore) discover
[1.080s] Level 1:colcon.colcon_core.package_discovery:discover_packages(ignore) using defaults
[1.080s] Level 1:colcon.colcon_core.package_discovery:discover_packages(path) discover
[1.080s] Level 1:colcon.colcon_core.package_discovery:discover_packages(path) using defaults
[1.137s] Level 1:colcon.colcon_core.package_discovery:discover_packages(prefix_path) check parameters
[1.137s] Level 1:colcon.colcon_core.package_discovery:discover_packages(prefix_path) discover
[1.143s] DEBUG:colcon.colcon_installed_package_information.package_discovery:Found 2 installed packages in /home/luccapbs/Desktop/Robotica/APS2_ws/install
[1.148s] DEBUG:colcon.colcon_installed_package_information.package_discovery:Found 266 installed packages in /opt/ros/foxy
[1.182s] Level 1:colcon.colcon_core.package_discovery:discover_packages(prefix_path) using defaults
[1.431s] Level 5:colcon.colcon_core.verb:set package 'navigation' build argument 'cmake_args' from command line to 'None'
[1.432s] Level 5:colcon.colcon_core.verb:set package 'navigation' build argument 'cmake_target' from command line to 'None'
[1.432s] Level 5:colcon.colcon_core.verb:set package 'navigation' build argument 'cmake_target_skip_unavailable' from command line to 'False'
[1.432s] Level 5:colcon.colcon_core.verb:set package 'navigation' build argument 'cmake_clean_cache' from command line to 'False'
[1.432s] Level 5:colcon.colcon_core.verb:set package 'navigation' build argument 'cmake_clean_first' from command line to 'False'
[1.432s] Level 5:colcon.colcon_core.verb:set package 'navigation' build argument 'cmake_force_configure' from command line to 'False'
[1.432s] Level 5:colcon.colcon_core.verb:set package 'navigation' build argument 'ament_cmake_args' from command line to 'None'
[1.432s] Level 5:colcon.colcon_core.verb:set package 'navigation' build argument 'catkin_cmake_args' from command line to 'None'
[1.432s] Level 5:colcon.colcon_core.verb:set package 'navigation' build argument 'catkin_skip_building_tests' from command line to 'False'
[1.432s] DEBUG:colcon.colcon_core.verb:Building package 'navigation' with the following arguments: {'ament_cmake_args': None, 'build_base': '/home/luccapbs/Desktop/Robotica/APS2_ws/build/navigation', 'catkin_cmake_args': None, 'catkin_skip_building_tests': False, 'cmake_args': None, 'cmake_clean_cache': False, 'cmake_clean_first': False, 'cmake_force_configure': False, 'cmake_target': None, 'cmake_target_skip_unavailable': False, 'install_base': '/home/luccapbs/Desktop/Robotica/APS2_ws/install/navigation', 'merge_install': False, 'path': '/home/luccapbs/Desktop/Robotica/APS2_ws/src/navigation', 'symlink_install': False, 'test_result_base': None}
[1.433s] Level 5:colcon.colcon_core.verb:set package 'robot_description' build argument 'cmake_args' from command line to 'None'
[1.434s] Level 5:colcon.colcon_core.verb:set package 'robot_description' build argument 'cmake_target' from command line to 'None'
[1.434s] Level 5:colcon.colcon_core.verb:set package 'robot_description' build argument 'cmake_target_skip_unavailable' from command line to 'False'
[1.434s] Level 5:colcon.colcon_core.verb:set package 'robot_description' build argument 'cmake_clean_cache' from command line to 'False'
[1.434s] Level 5:colcon.colcon_core.verb:set package 'robot_description' build argument 'cmake_clean_first' from command line to 'False'
[1.434s] Level 5:colcon.colcon_core.verb:set package 'robot_description' build argument 'cmake_force_configure' from command line to 'False'
[1.434s] Level 5:colcon.colcon_core.verb:set package 'robot_description' build argument 'ament_cmake_args' from command line to 'None'
[1.434s] Level 5:colcon.colcon_core.verb:set package 'robot_description' build argument 'catkin_cmake_args' from command line to 'None'
[1.434s] Level 5:colcon.colcon_core.verb:set package 'robot_description' build argument 'catkin_skip_building_tests' from command line to 'False'
[1.434s] DEBUG:colcon.colcon_core.verb:Building package 'robot_description' with the following arguments: {'ament_cmake_args': None, 'build_base': '/home/luccapbs/Desktop/Robotica/APS2_ws/build/robot_description', 'catkin_cmake_args': None, 'catkin_skip_building_tests': False, 'cmake_args': None, 'cmake_clean_cache': False, 'cmake_clean_first': False, 'cmake_force_configure': False, 'cmake_target': None, 'cmake_target_skip_unavailable': False, 'install_base': '/home/luccapbs/Desktop/Robotica/APS2_ws/install/robot_description', 'merge_install': False, 'path': '/home/luccapbs/Desktop/Robotica/APS2_ws/src/robot_description', 'symlink_install': False, 'test_result_base': None}
[1.435s] INFO:colcon.colcon_core.executor:Executing jobs using 'parallel' executor
[1.437s] DEBUG:colcon.colcon_parallel_executor.executor.parallel:run_until_complete
[1.437s] INFO:colcon.colcon_ros.task.ament_python.build:Building ROS package in '/home/luccapbs/Desktop/Robotica/APS2_ws/src/navigation' with build type 'ament_python'
[1.438s] Level 1:colcon.colcon_core.shell:create_environment_hook('navigation', 'ament_prefix_path')
[1.442s] INFO:colcon.colcon_core.plugin_system:Skipping extension 'colcon_core.shell.bat': Not used on non-Windows systems
[1.459s] INFO:colcon.colcon_core.shell:Creating environment hook '/home/luccapbs/Desktop/Robotica/APS2_ws/install/navigation/share/navigation/hook/ament_prefix_path.ps1'
[1.461s] INFO:colcon.colcon_core.shell:Creating environment descriptor '/home/luccapbs/Desktop/Robotica/APS2_ws/install/navigation/share/navigation/hook/ament_prefix_path.dsv'
[1.467s] INFO:colcon.colcon_core.shell:Creating environment hook '/home/luccapbs/Desktop/Robotica/APS2_ws/install/navigation/share/navigation/hook/ament_prefix_path.sh'
[1.471s] INFO:colcon.colcon_core.shell:Skip shell extension 'powershell' for command environment: Not usable outside of PowerShell
[1.471s] DEBUG:colcon.colcon_core.shell:Skip shell extension 'dsv' for command environment
[1.486s] INFO:colcon.colcon_ros.task.ament_cmake.build:Building ROS package in '/home/luccapbs/Desktop/Robotica/APS2_ws/src/robot_description' with build type 'ament_cmake'
[1.486s] INFO:colcon.colcon_cmake.task.cmake.build:Building CMake package in '/home/luccapbs/Desktop/Robotica/APS2_ws/src/robot_description'
[1.487s] INFO:colcon.colcon_core.shell:Skip shell extension 'powershell' for command environment: Not usable outside of PowerShell
[1.487s] DEBUG:colcon.colcon_core.shell:Skip shell extension 'dsv' for command environment
[1.556s] DEBUG:colcon.colcon_core.event_handler.log_command:Invoking command in '/home/luccapbs/Desktop/Robotica/APS2_ws/build/robot_description': CMAKE_PREFIX_PATH=${CMAKE_PREFIX_PATH}:/home/luccapbs/Desktop/Robotica/APS2_ws/install/navigation:/opt/ros/foxy /usr/bin/cmake --build /home/luccapbs/Desktop/Robotica/APS2_ws/build/robot_description -- -j3 -l3
[2.333s] INFO:colcon.colcon_core.task.python.build:Building Python package in '/home/luccapbs/Desktop/Robotica/APS2_ws/src/navigation'
[2.334s] INFO:colcon.colcon_core.shell:Skip shell extension 'powershell' for command environment: Not usable outside of PowerShell
[2.334s] DEBUG:colcon.colcon_core.shell:Skip shell extension 'dsv' for command environment
[2.350s] DEBUG:colcon.colcon_core.event_handler.log_command:Invoked command in '/home/luccapbs/Desktop/Robotica/APS2_ws/build/robot_description' returned '0': CMAKE_PREFIX_PATH=${CMAKE_PREFIX_PATH}:/home/luccapbs/Desktop/Robotica/APS2_ws/install/navigation:/opt/ros/foxy /usr/bin/cmake --build /home/luccapbs/Desktop/Robotica/APS2_ws/build/robot_description -- -j3 -l3
[2.379s] DEBUG:colcon.colcon_core.event_handler.log_command:Invoking command in '/home/luccapbs/Desktop/Robotica/APS2_ws/build/robot_description': CMAKE_PREFIX_PATH=${CMAKE_PREFIX_PATH}:/home/luccapbs/Desktop/Robotica/APS2_ws/install/navigation:/opt/ros/foxy /usr/bin/cmake --install /home/luccapbs/Desktop/Robotica/APS2_ws/build/robot_description
[2.420s] Level 1:colcon.colcon_core.environment:create_environment_scripts_only(robot_description)
[2.427s] Level 1:colcon.colcon_core.environment:checking '/home/luccapbs/Desktop/Robotica/APS2_ws/install/robot_description' for CMake module files
[2.429s] DEBUG:colcon.colcon_core.event_handler.log_command:Invoked command in '/home/luccapbs/Desktop/Robotica/APS2_ws/build/robot_description' returned '0': CMAKE_PREFIX_PATH=${CMAKE_PREFIX_PATH}:/home/luccapbs/Desktop/Robotica/APS2_ws/install/navigation:/opt/ros/foxy /usr/bin/cmake --install /home/luccapbs/Desktop/Robotica/APS2_ws/build/robot_description
[2.431s] Level 1:colcon.colcon_core.environment:checking '/home/luccapbs/Desktop/Robotica/APS2_ws/install/robot_description' for CMake config files
[2.432s] Level 1:colcon.colcon_core.shell:create_environment_hook('robot_description', 'cmake_prefix_path')
[2.433s] INFO:colcon.colcon_core.shell:Creating environment hook '/home/luccapbs/Desktop/Robotica/APS2_ws/install/robot_description/share/robot_description/hook/cmake_prefix_path.ps1'
[2.434s] INFO:colcon.colcon_core.shell:Creating environment descriptor '/home/luccapbs/Desktop/Robotica/APS2_ws/install/robot_description/share/robot_description/hook/cmake_prefix_path.dsv'
[2.435s] INFO:colcon.colcon_core.shell:Creating environment hook '/home/luccapbs/Desktop/Robotica/APS2_ws/install/robot_description/share/robot_description/hook/cmake_prefix_path.sh'
[2.437s] Level 1:colcon.colcon_core.environment:checking '/home/luccapbs/Desktop/Robotica/APS2_ws/install/robot_description/bin'
[2.438s] Level 1:colcon.colcon_core.environment:checking '/home/luccapbs/Desktop/Robotica/APS2_ws/install/robot_description/lib/pkgconfig/robot_description.pc'
[2.438s] Level 1:colcon.colcon_core.environment:checking '/home/luccapbs/Desktop/Robotica/APS2_ws/install/robot_description/lib/python3.8/site-packages'
[2.439s] Level 1:colcon.colcon_core.environment:checking '/home/luccapbs/Desktop/Robotica/APS2_ws/install/robot_description/bin'
[2.440s] INFO:colcon.colcon_core.shell:Creating package script '/home/luccapbs/Desktop/Robotica/APS2_ws/install/robot_description/share/robot_description/package.ps1'
[2.442s] INFO:colcon.colcon_core.shell:Creating package descriptor '/home/luccapbs/Desktop/Robotica/APS2_ws/install/robot_description/share/robot_description/package.dsv'
[2.444s] INFO:colcon.colcon_core.shell:Creating package script '/home/luccapbs/Desktop/Robotica/APS2_ws/install/robot_description/share/robot_description/package.sh'
[2.446s] INFO:colcon.colcon_core.shell:Creating package script '/home/luccapbs/Desktop/Robotica/APS2_ws/install/robot_description/share/robot_description/package.bash'
[2.448s] INFO:colcon.colcon_core.shell:Creating package script '/home/luccapbs/Desktop/Robotica/APS2_ws/install/robot_description/share/robot_description/package.zsh'
[2.450s] Level 1:colcon.colcon_core.environment:create_file_with_runtime_dependencies(/home/luccapbs/Desktop/Robotica/APS2_ws/install/robot_description/share/colcon-core/packages/robot_description)
[2.452s] Level 1:colcon.colcon_core.environment:create_environment_scripts_only(robot_description)
[2.453s] Level 1:colcon.colcon_core.environment:checking '/home/luccapbs/Desktop/Robotica/APS2_ws/install/robot_description' for CMake module files
[2.454s] Level 1:colcon.colcon_core.environment:checking '/home/luccapbs/Desktop/Robotica/APS2_ws/install/robot_description' for CMake config files
[2.464s] Level 1:colcon.colcon_core.shell:create_environment_hook('robot_description', 'cmake_prefix_path')
[2.464s] INFO:colcon.colcon_core.shell:Creating environment hook '/home/luccapbs/Desktop/Robotica/APS2_ws/install/robot_description/share/robot_description/hook/cmake_prefix_path.ps1'
[2.465s] INFO:colcon.colcon_core.shell:Creating environment descriptor '/home/luccapbs/Desktop/Robotica/APS2_ws/install/robot_description/share/robot_description/hook/cmake_prefix_path.dsv'
[2.466s] INFO:colcon.colcon_core.shell:Creating environment hook '/home/luccapbs/Desktop/Robotica/APS2_ws/install/robot_description/share/robot_description/hook/cmake_prefix_path.sh'
[2.480s] Level 1:colcon.colcon_core.environment:checking '/home/luccapbs/Desktop/Robotica/APS2_ws/install/robot_description/bin'
[2.480s] Level 1:colcon.colcon_core.environment:checking '/home/luccapbs/Desktop/Robotica/APS2_ws/install/robot_description/lib/pkgconfig/robot_description.pc'
[2.480s] Level 1:colcon.colcon_core.environment:checking '/home/luccapbs/Desktop/Robotica/APS2_ws/install/robot_description/lib/python3.8/site-packages'
[2.481s] Level 1:colcon.colcon_core.environment:checking '/home/luccapbs/Desktop/Robotica/APS2_ws/install/robot_description/bin'
[2.482s] INFO:colcon.colcon_core.shell:Creating package script '/home/luccapbs/Desktop/Robotica/APS2_ws/install/robot_description/share/robot_description/package.ps1'
[2.492s] INFO:colcon.colcon_core.shell:Creating package descriptor '/home/luccapbs/Desktop/Robotica/APS2_ws/install/robot_description/share/robot_description/package.dsv'
[2.527s] INFO:colcon.colcon_core.shell:Creating package script '/home/luccapbs/Desktop/Robotica/APS2_ws/install/robot_description/share/robot_description/package.sh'
[2.529s] INFO:colcon.colcon_core.shell:Creating package script '/home/luccapbs/Desktop/Robotica/APS2_ws/install/robot_description/share/robot_description/package.bash'
[2.532s] INFO:colcon.colcon_core.shell:Creating package script '/home/luccapbs/Desktop/Robotica/APS2_ws/install/robot_description/share/robot_description/package.zsh'
[2.534s] Level 1:colcon.colcon_core.environment:create_file_with_runtime_dependencies(/home/luccapbs/Desktop/Robotica/APS2_ws/install/robot_description/share/colcon-core/packages/robot_description)
[3.491s] DEBUG:colcon.colcon_core.event_handler.log_command:Invoking command in '/home/luccapbs/Desktop/Robotica/APS2_ws/src/navigation': PYTHONPATH=/home/luccapbs/Desktop/Robotica/APS2_ws/build/navigation/prefix_override:/usr/lib/python3/dist-packages/colcon_core/task/python/colcon_distutils_commands:/home/luccapbs/Desktop/Robotica/APS2_ws/install/navigation/lib/python3.8/site-packages:${PYTHONPATH} /usr/bin/python3 -W ignore:setup.py install is deprecated -W ignore:easy_install command is deprecated setup.py egg_info --egg-base ../../build/navigation build --build-base /home/luccapbs/Desktop/Robotica/APS2_ws/build/navigation/build install --record /home/luccapbs/Desktop/Robotica/APS2_ws/build/navigation/install.log --install-scripts $base/lib/navigation --single-version-externally-managed install_data
[4.351s] Level 1:colcon.colcon_core.environment:checking '/home/luccapbs/Desktop/Robotica/APS2_ws/install/navigation' for CMake module files
[4.353s] Level 1:colcon.colcon_core.environment:checking '/home/luccapbs/Desktop/Robotica/APS2_ws/install/navigation' for CMake config files
[4.354s] DEBUG:colcon.colcon_core.event_handler.log_command:Invoked command in '/home/luccapbs/Desktop/Robotica/APS2_ws/src/navigation' returned '0': PYTHONPATH=/home/luccapbs/Desktop/Robotica/APS2_ws/build/navigation/prefix_override:/usr/lib/python3/dist-packages/colcon_core/task/python/colcon_distutils_commands:/home/luccapbs/Desktop/Robotica/APS2_ws/install/navigation/lib/python3.8/site-packages:${PYTHONPATH} /usr/bin/python3 -W ignore:setup.py install is deprecated -W ignore:easy_install command is deprecated setup.py egg_info --egg-base ../../build/navigation build --build-base /home/luccapbs/Desktop/Robotica/APS2_ws/build/navigation/build install --record /home/luccapbs/Desktop/Robotica/APS2_ws/build/navigation/install.log --install-scripts $base/lib/navigation --single-version-externally-managed install_data
[4.355s] Level 1:colcon.colcon_core.environment:checking '/home/luccapbs/Desktop/Robotica/APS2_ws/install/navigation/lib'
[4.356s] Level 1:colcon.colcon_core.environment:checking '/home/luccapbs/Desktop/Robotica/APS2_ws/install/navigation/bin'
[4.356s] Level 1:colcon.colcon_core.environment:checking '/home/luccapbs/Desktop/Robotica/APS2_ws/install/navigation/lib/pkgconfig/navigation.pc'
[4.357s] Level 1:colcon.colcon_core.environment:checking '/home/luccapbs/Desktop/Robotica/APS2_ws/install/navigation/lib/python3.8/site-packages'
[4.357s] Level 1:colcon.colcon_core.shell:create_environment_hook('navigation', 'pythonpath')
[4.358s] INFO:colcon.colcon_core.shell:Creating environment hook '/home/luccapbs/Desktop/Robotica/APS2_ws/install/navigation/share/navigation/hook/pythonpath.ps1'
[4.359s] INFO:colcon.colcon_core.shell:Creating environment descriptor '/home/luccapbs/Desktop/Robotica/APS2_ws/install/navigation/share/navigation/hook/pythonpath.dsv'
[4.360s] INFO:colcon.colcon_core.shell:Creating environment hook '/home/luccapbs/Desktop/Robotica/APS2_ws/install/navigation/share/navigation/hook/pythonpath.sh'
[4.361s] Level 1:colcon.colcon_core.environment:checking '/home/luccapbs/Desktop/Robotica/APS2_ws/install/navigation/bin'
[4.361s] Level 1:colcon.colcon_core.environment:create_environment_scripts_only(navigation)
[4.362s] INFO:colcon.colcon_core.shell:Creating package script '/home/luccapbs/Desktop/Robotica/APS2_ws/install/navigation/share/navigation/package.ps1'
[4.364s] INFO:colcon.colcon_core.shell:Creating package descriptor '/home/luccapbs/Desktop/Robotica/APS2_ws/install/navigation/share/navigation/package.dsv'
[4.365s] INFO:colcon.colcon_core.shell:Creating package script '/home/luccapbs/Desktop/Robotica/APS2_ws/install/navigation/share/navigation/package.sh'
[4.367s] INFO:colcon.colcon_core.shell:Creating package script '/home/luccapbs/Desktop/Robotica/APS2_ws/install/navigation/share/navigation/package.bash'
[4.368s] INFO:colcon.colcon_core.shell:Creating package script '/home/luccapbs/Desktop/Robotica/APS2_ws/install/navigation/share/navigation/package.zsh'
[4.368s] Level 1:colcon.colcon_core.environment:create_file_with_runtime_dependencies(/home/luccapbs/Desktop/Robotica/APS2_ws/install/navigation/share/colcon-core/packages/navigation)
[4.369s] DEBUG:colcon.colcon_parallel_executor.executor.parallel:closing loop
[4.370s] DEBUG:colcon.colcon_parallel_executor.executor.parallel:loop closed
[4.370s] DEBUG:colcon.colcon_parallel_executor.executor.parallel:run_until_complete finished with '0'
[4.370s] DEBUG:colcon.colcon_core.event_reactor:joining thread
[4.393s] INFO:colcon.colcon_core.plugin_system:Skipping extension 'colcon_notification.desktop_notification.terminal_notifier': Not used on non-Darwin systems
[4.393s] INFO:colcon.colcon_core.plugin_system:Skipping extension 'colcon_notification.desktop_notification.win32': Not used on non-Windows systems
[4.393s] INFO:colcon.colcon_notification.desktop_notification:Sending desktop notification using 'notify2'
[4.439s] DEBUG:colcon.colcon_core.event_reactor:joined thread
[4.441s] INFO:colcon.colcon_core.shell:Creating prefix script '/home/luccapbs/Desktop/Robotica/APS2_ws/install/local_setup.ps1'
[4.444s] INFO:colcon.colcon_core.shell:Creating prefix util module '/home/luccapbs/Desktop/Robotica/APS2_ws/install/_local_setup_util_ps1.py'
[4.451s] INFO:colcon.colcon_core.shell:Creating prefix chain script '/home/luccapbs/Desktop/Robotica/APS2_ws/install/setup.ps1'
[4.475s] INFO:colcon.colcon_core.shell:Creating prefix script '/home/luccapbs/Desktop/Robotica/APS2_ws/install/local_setup.sh'
[4.478s] INFO:colcon.colcon_core.shell:Creating prefix util module '/home/luccapbs/Desktop/Robotica/APS2_ws/install/_local_setup_util_sh.py'
[4.483s] INFO:colcon.colcon_core.shell:Creating prefix chain script '/home/luccapbs/Desktop/Robotica/APS2_ws/install/setup.sh'
[4.492s] INFO:colcon.colcon_core.shell:Creating prefix script '/home/luccapbs/Desktop/Robotica/APS2_ws/install/local_setup.bash'
[4.494s] INFO:colcon.colcon_core.shell:Creating prefix chain script '/home/luccapbs/Desktop/Robotica/APS2_ws/install/setup.bash'
[4.499s] INFO:colcon.colcon_core.shell:Creating prefix script '/home/luccapbs/Desktop/Robotica/APS2_ws/install/local_setup.zsh'
[4.503s] INFO:colcon.colcon_core.shell:Creating prefix chain script '/home/luccapbs/Desktop/Robotica/APS2_ws/install/setup.zsh'
