[0.887s] Invoking command in '/home/luccapbs/Desktop/Robotica/APS2_ws/build/robot_description': CMAKE_PREFIX_PATH=${CMAKE_PREFIX_PATH}:/home/luccapbs/Desktop/Robotica/APS2_ws/install/navigation:/opt/ros/foxy /usr/bin/cmake --build /home/luccapbs/Desktop/Robotica/APS2_ws/build/robot_description -- -j3 -l3
[0.996s] Invoked command in '/home/luccapbs/Desktop/Robotica/APS2_ws/build/robot_description' returned '0': CMAKE_PREFIX_PATH=${CMAKE_PREFIX_PATH}:/home/luccapbs/Desktop/Robotica/APS2_ws/install/navigation:/opt/ros/foxy /usr/bin/cmake --build /home/luccapbs/Desktop/Robotica/APS2_ws/build/robot_description -- -j3 -l3
[1.027s] Invoking command in '/home/luccapbs/Desktop/Robotica/APS2_ws/build/robot_description': CMAKE_PREFIX_PATH=${CMAKE_PREFIX_PATH}:/home/luccapbs/Desktop/Robotica/APS2_ws/install/navigation:/opt/ros/foxy /usr/bin/cmake --install /home/luccapbs/Desktop/Robotica/APS2_ws/build/robot_description
[1.048s] -- Install configuration: ""
[1.048s] -- Up-to-date: /home/luccapbs/Desktop/Robotica/APS2_ws/install/robot_description/share/robot_description//urdf
[1.049s] -- Up-to-date: /home/luccapbs/Desktop/Robotica/APS2_ws/install/robot_description/share/robot_description//urdf/robot.urdf.xacro
[1.049s] -- Up-to-date: /home/luccapbs/Desktop/Robotica/APS2_ws/install/robot_description/share/robot_description//urdf/inertial_macros.xacro
[1.049s] -- Up-to-date: /home/luccapbs/Desktop/Robotica/APS2_ws/install/robot_description/share/robot_description//urdf/robot_core.xacro
[1.049s] -- Up-to-date: /home/luccapbs/Desktop/Robotica/APS2_ws/install/robot_description/share/robot_description//urdf/sensors.xacro
[1.050s] -- Up-to-date: /home/luccapbs/Desktop/Robotica/APS2_ws/install/robot_description/share/robot_description//launch
[1.050s] -- Up-to-date: /home/luccapbs/Desktop/Robotica/APS2_ws/install/robot_description/share/robot_description//launch/robot_simulation.launch.py
[1.050s] -- Up-to-date: /home/luccapbs/Desktop/Robotica/APS2_ws/install/robot_description/share/robot_description//rviz
[1.051s] -- Up-to-date: /home/luccapbs/Desktop/Robotica/APS2_ws/install/robot_description/share/robot_description//rviz/robot_vis.rviz
[1.051s] -- Up-to-date: /home/luccapbs/Desktop/Robotica/APS2_ws/install/robot_description/share/robot_description//world
[1.051s] -- Up-to-date: /home/luccapbs/Desktop/Robotica/APS2_ws/install/robot_description/share/robot_description//world/house
[1.052s] -- Up-to-date: /home/luccapbs/Desktop/Robotica/APS2_ws/install/robot_description/share/robot_description//world/house/model.sdf
[1.052s] -- Up-to-date: /home/luccapbs/Desktop/Robotica/APS2_ws/install/robot_description/share/robot_description//world/house/model.config
[1.052s] -- Up-to-date: /home/luccapbs/Desktop/Robotica/APS2_ws/install/robot_description/share/robot_description//world/world.world
[1.053s] -- Up-to-date: /home/luccapbs/Desktop/Robotica/APS2_ws/install/robot_description/share/ament_index/resource_index/package_run_dependencies/robot_description
[1.053s] -- Up-to-date: /home/luccapbs/Desktop/Robotica/APS2_ws/install/robot_description/share/ament_index/resource_index/parent_prefix_path/robot_description
[1.054s] -- Up-to-date: /home/luccapbs/Desktop/Robotica/APS2_ws/install/robot_description/share/robot_description/environment/ament_prefix_path.sh
[1.054s] -- Up-to-date: /home/luccapbs/Desktop/Robotica/APS2_ws/install/robot_description/share/robot_description/environment/ament_prefix_path.dsv
[1.055s] -- Up-to-date: /home/luccapbs/Desktop/Robotica/APS2_ws/install/robot_description/share/robot_description/environment/path.sh
[1.055s] -- Up-to-date: /home/luccapbs/Desktop/Robotica/APS2_ws/install/robot_description/share/robot_description/environment/path.dsv
[1.056s] -- Up-to-date: /home/luccapbs/Desktop/Robotica/APS2_ws/install/robot_description/share/robot_description/local_setup.bash
[1.056s] -- Up-to-date: /home/luccapbs/Desktop/Robotica/APS2_ws/install/robot_description/share/robot_description/local_setup.sh
[1.057s] -- Up-to-date: /home/luccapbs/Desktop/Robotica/APS2_ws/install/robot_description/share/robot_description/local_setup.zsh
[1.057s] -- Up-to-date: /home/luccapbs/Desktop/Robotica/APS2_ws/install/robot_description/share/robot_description/local_setup.dsv
[1.058s] -- Installing: /home/luccapbs/Desktop/Robotica/APS2_ws/install/robot_description/share/robot_description/package.dsv
[1.058s] -- Up-to-date: /home/luccapbs/Desktop/Robotica/APS2_ws/install/robot_description/share/ament_index/resource_index/packages/robot_description
[1.059s] -- Up-to-date: /home/luccapbs/Desktop/Robotica/APS2_ws/install/robot_description/share/robot_description/cmake/robot_descriptionConfig.cmake
[1.059s] -- Up-to-date: /home/luccapbs/Desktop/Robotica/APS2_ws/install/robot_description/share/robot_description/cmake/robot_descriptionConfig-version.cmake
[1.060s] -- Up-to-date: /home/luccapbs/Desktop/Robotica/APS2_ws/install/robot_description/share/robot_description/package.xml
[1.065s] Invoked command in '/home/luccapbs/Desktop/Robotica/APS2_ws/build/robot_description' returned '0': CMAKE_PREFIX_PATH=${CMAKE_PREFIX_PATH}:/home/luccapbs/Desktop/Robotica/APS2_ws/install/navigation:/opt/ros/foxy /usr/bin/cmake --install /home/luccapbs/Desktop/Robotica/APS2_ws/build/robot_description
