[2.687s] Invoking command in '/home/luccapbs/Desktop/Robotica/APS2_ws/src/navigation': PYTHONPATH=/home/luccapbs/Desktop/Robotica/APS2_ws/build/navigation/prefix_override:/usr/lib/python3/dist-packages/colcon_core/task/python/colcon_distutils_commands:/home/luccapbs/Desktop/Robotica/APS2_ws/install/navigation/lib/python3.8/site-packages:${PYTHONPATH} /usr/bin/python3 -W ignore:setup.py install is deprecated -W ignore:easy_install command is deprecated setup.py egg_info --egg-base ../../build/navigation build --build-base /home/luccapbs/Desktop/Robotica/APS2_ws/build/navigation/build install --record /home/luccapbs/Desktop/Robotica/APS2_ws/build/navigation/install.log --install-scripts $base/lib/navigation --single-version-externally-managed install_data
[3.533s] running egg_info
[3.538s] creating ../../build/navigation/navigation.egg-info
[3.538s] writing ../../build/navigation/navigation.egg-info/PKG-INFO
[3.538s] writing dependency_links to ../../build/navigation/navigation.egg-info/dependency_links.txt
[3.539s] writing entry points to ../../build/navigation/navigation.egg-info/entry_points.txt
[3.539s] writing requirements to ../../build/navigation/navigation.egg-info/requires.txt
[3.539s] writing top-level names to ../../build/navigation/navigation.egg-info/top_level.txt
[3.543s] writing manifest file '../../build/navigation/navigation.egg-info/SOURCES.txt'
[3.694s] reading manifest file '../../build/navigation/navigation.egg-info/SOURCES.txt'
[3.703s] writing manifest file '../../build/navigation/navigation.egg-info/SOURCES.txt'
[3.709s] running build
[3.710s] running build_py
[3.710s] creating /home/luccapbs/Desktop/Robotica/APS2_ws/build/navigation/build
[3.711s] creating /home/luccapbs/Desktop/Robotica/APS2_ws/build/navigation/build/lib
[3.711s] creating /home/luccapbs/Desktop/Robotica/APS2_ws/build/navigation/build/lib/navigation
[3.712s] copying navigation/lidar_node.py -> /home/luccapbs/Desktop/Robotica/APS2_ws/build/navigation/build/lib/navigation
[3.715s] copying navigation/__init__.py -> /home/luccapbs/Desktop/Robotica/APS2_ws/build/navigation/build/lib/navigation
[3.716s] running install
[3.718s] running install_lib
[3.730s] creating /home/luccapbs/Desktop/Robotica/APS2_ws/install/navigation/lib/python3.8/site-packages/navigation
[3.730s] copying /home/luccapbs/Desktop/Robotica/APS2_ws/build/navigation/build/lib/navigation/lidar_node.py -> /home/luccapbs/Desktop/Robotica/APS2_ws/install/navigation/lib/python3.8/site-packages/navigation
[3.732s] copying /home/luccapbs/Desktop/Robotica/APS2_ws/build/navigation/build/lib/navigation/__init__.py -> /home/luccapbs/Desktop/Robotica/APS2_ws/install/navigation/lib/python3.8/site-packages/navigation
[3.734s] byte-compiling /home/luccapbs/Desktop/Robotica/APS2_ws/install/navigation/lib/python3.8/site-packages/navigation/lidar_node.py to lidar_node.cpython-38.pyc
[3.737s] byte-compiling /home/luccapbs/Desktop/Robotica/APS2_ws/install/navigation/lib/python3.8/site-packages/navigation/__init__.py to __init__.cpython-38.pyc
[3.738s] running install_data
[3.739s] creating /home/luccapbs/Desktop/Robotica/APS2_ws/install/navigation/share/ament_index
[3.739s] creating /home/luccapbs/Desktop/Robotica/APS2_ws/install/navigation/share/ament_index/resource_index
[3.740s] creating /home/luccapbs/Desktop/Robotica/APS2_ws/install/navigation/share/ament_index/resource_index/packages
[3.740s] copying resource/navigation -> /home/luccapbs/Desktop/Robotica/APS2_ws/install/navigation/share/ament_index/resource_index/packages
[3.741s] copying package.xml -> /home/luccapbs/Desktop/Robotica/APS2_ws/install/navigation/share/navigation
[3.741s] running install_egg_info
[3.745s] Copying ../../build/navigation/navigation.egg-info to /home/luccapbs/Desktop/Robotica/APS2_ws/install/navigation/lib/python3.8/site-packages/navigation-0.0.0-py3.8.egg-info
[3.747s] running install_scripts
[3.815s] writing list of installed files to '/home/luccapbs/Desktop/Robotica/APS2_ws/build/navigation/install.log'
[3.901s] Invoked command in '/home/luccapbs/Desktop/Robotica/APS2_ws/src/navigation' returned '0': PYTHONPATH=/home/luccapbs/Desktop/Robotica/APS2_ws/build/navigation/prefix_override:/usr/lib/python3/dist-packages/colcon_core/task/python/colcon_distutils_commands:/home/luccapbs/Desktop/Robotica/APS2_ws/install/navigation/lib/python3.8/site-packages:${PYTHONPATH} /usr/bin/python3 -W ignore:setup.py install is deprecated -W ignore:easy_install command is deprecated setup.py egg_info --egg-base ../../build/navigation build --build-base /home/luccapbs/Desktop/Robotica/APS2_ws/build/navigation/build install --record /home/luccapbs/Desktop/Robotica/APS2_ws/build/navigation/install.log --install-scripts $base/lib/navigation --single-version-externally-managed install_data
