[0.952s] Invoking command in '/home/luccapbs/Desktop/Robotica/APS2_ws/build/robot_description': CMAKE_PREFIX_PATH=${CMAKE_PREFIX_PATH}:/home/luccapbs/Desktop/Robotica/APS2_ws/install/navigation:/opt/ros/foxy /usr/bin/cmake --build /home/luccapbs/Desktop/Robotica/APS2_ws/build/robot_description -- -j3 -l3
[1.073s] Invoked command in '/home/luccapbs/Desktop/Robotica/APS2_ws/build/robot_description' returned '0': CMAKE_PREFIX_PATH=${CMAKE_PREFIX_PATH}:/home/luccapbs/Desktop/Robotica/APS2_ws/install/navigation:/opt/ros/foxy /usr/bin/cmake --build /home/luccapbs/Desktop/Robotica/APS2_ws/build/robot_description -- -j3 -l3
[1.097s] Invoking command in '/home/luccapbs/Desktop/Robotica/APS2_ws/build/robot_description': CMAKE_PREFIX_PATH=${CMAKE_PREFIX_PATH}:/home/luccapbs/Desktop/Robotica/APS2_ws/install/navigation:/opt/ros/foxy /usr/bin/cmake --install /home/luccapbs/Desktop/Robotica/APS2_ws/build/robot_description
[1.122s] -- Install configuration: ""
[1.125s] -- Up-to-date: /home/luccapbs/Desktop/Robotica/APS2_ws/install/robot_description/share/robot_description//urdf
[1.128s] -- Up-to-date: /home/luccapbs/Desktop/Robotica/APS2_ws/install/robot_description/share/robot_description//urdf/robot.urdf.xacro
[1.131s] -- Up-to-date: /home/luccapbs/Desktop/Robotica/APS2_ws/install/robot_description/share/robot_description//urdf/inertial_macros.xacro
[1.133s] -- Up-to-date: /home/luccapbs/Desktop/Robotica/APS2_ws/install/robot_description/share/robot_description//urdf/robot_core.xacro
[1.135s] -- Up-to-date: /home/luccapbs/Desktop/Robotica/APS2_ws/install/robot_description/share/robot_description//urdf/sensors.xacro
[1.138s] -- Up-to-date: /home/luccapbs/Desktop/Robotica/APS2_ws/install/robot_description/share/robot_description//launch
[1.138s] -- Up-to-date: /home/luccapbs/Desktop/Robotica/APS2_ws/install/robot_description/share/robot_description//launch/robot_simulation.launch.py
[1.139s] -- Up-to-date: /home/luccapbs/Desktop/Robotica/APS2_ws/install/robot_description/share/robot_description//rviz
[1.140s] -- Up-to-date: /home/luccapbs/Desktop/Robotica/APS2_ws/install/robot_description/share/robot_description//rviz/robot_vis.rviz
[1.148s] -- Up-to-date: /home/luccapbs/Desktop/Robotica/APS2_ws/install/robot_description/share/robot_description//world
[1.149s] -- Up-to-date: /home/luccapbs/Desktop/Robotica/APS2_ws/install/robot_description/share/robot_description//world/house
[1.150s] -- Up-to-date: /home/luccapbs/Desktop/Robotica/APS2_ws/install/robot_description/share/robot_description//world/house/model.sdf
[1.150s] -- Up-to-date: /home/luccapbs/Desktop/Robotica/APS2_ws/install/robot_description/share/robot_description//world/house/model.config
[1.151s] -- Up-to-date: /home/luccapbs/Desktop/Robotica/APS2_ws/install/robot_description/share/robot_description//world/world.world
[1.151s] -- Up-to-date: /home/luccapbs/Desktop/Robotica/APS2_ws/install/robot_description/share/ament_index/resource_index/package_run_dependencies/robot_description
[1.152s] -- Up-to-date: /home/luccapbs/Desktop/Robotica/APS2_ws/install/robot_description/share/ament_index/resource_index/parent_prefix_path/robot_description
[1.152s] -- Up-to-date: /home/luccapbs/Desktop/Robotica/APS2_ws/install/robot_description/share/robot_description/environment/ament_prefix_path.sh
[1.153s] -- Up-to-date: /home/luccapbs/Desktop/Robotica/APS2_ws/install/robot_description/share/robot_description/environment/ament_prefix_path.dsv
[1.153s] -- Up-to-date: /home/luccapbs/Desktop/Robotica/APS2_ws/install/robot_description/share/robot_description/environment/path.sh
[1.160s] -- Up-to-date: /home/luccapbs/Desktop/Robotica/APS2_ws/install/robot_description/share/robot_description/environment/path.dsv
[1.161s] -- Up-to-date: /home/luccapbs/Desktop/Robotica/APS2_ws/install/robot_description/share/robot_description/local_setup.bash
[1.161s] -- Up-to-date: /home/luccapbs/Desktop/Robotica/APS2_ws/install/robot_description/share/robot_description/local_setup.sh
[1.162s] -- Up-to-date: /home/luccapbs/Desktop/Robotica/APS2_ws/install/robot_description/share/robot_description/local_setup.zsh
[1.162s] -- Up-to-date: /home/luccapbs/Desktop/Robotica/APS2_ws/install/robot_description/share/robot_description/local_setup.dsv
[1.162s] -- Installing: /home/luccapbs/Desktop/Robotica/APS2_ws/install/robot_description/share/robot_description/package.dsv
[1.163s] -- Up-to-date: /home/luccapbs/Desktop/Robotica/APS2_ws/install/robot_description/share/ament_index/resource_index/packages/robot_description
[1.164s] -- Up-to-date: /home/luccapbs/Desktop/Robotica/APS2_ws/install/robot_description/share/robot_description/cmake/robot_descriptionConfig.cmake
[1.172s] -- Up-to-date: /home/luccapbs/Desktop/Robotica/APS2_ws/install/robot_description/share/robot_description/cmake/robot_descriptionConfig-version.cmake
[1.173s] -- Up-to-date: /home/luccapbs/Desktop/Robotica/APS2_ws/install/robot_description/share/robot_description/package.xml
[1.197s] Invoked command in '/home/luccapbs/Desktop/Robotica/APS2_ws/build/robot_description' returned '0': CMAKE_PREFIX_PATH=${CMAKE_PREFIX_PATH}:/home/luccapbs/Desktop/Robotica/APS2_ws/install/navigation:/opt/ros/foxy /usr/bin/cmake --install /home/luccapbs/Desktop/Robotica/APS2_ws/build/robot_description
