[3.855s] DEBUG:colcon:Command line arguments: ['/usr/bin/colcon', 'list', '-p', '--base-paths', '/home/luccapbs/Desktop/Robotica/APS2_ws']
[3.886s] DEBUG:colcon:Parsed command line arguments: Namespace(allow_overriding=[], base_paths=['/home/luccapbs/Desktop/Robotica/APS2_ws'], build_base='build', ignore_user_meta=False, log_base=None, log_level=None, main=<bound method ListVerb.main of <colcon_package_information.verb.list.ListVerb object at 0x7fe5ff521e80>>, metas=['./colcon.meta'], mixin=None, mixin_files=None, mixin_verb=('list',), names_only=False, packages_above=None, packages_above_and_dependencies=None, packages_above_depth=None, packages_end=None, packages_ignore=None, packages_ignore_regex=None, packages_select=None, packages_select_build_failed=False, packages_select_by_dep=None, packages_select_regex=None, packages_select_test_failures=False, packages_skip=None, packages_skip_build_finished=False, packages_skip_by_dep=None, packages_skip_regex=None, packages_skip_test_passed=False, packages_skip_up_to=None, packages_start=None, packages_up_to=None, packages_up_to_regex=None, paths=None, paths_only=True, topological_graph=False, topological_graph_density=False, topological_graph_dot=False, topological_graph_dot_cluster=False, topological_graph_dot_include_skipped=False, topological_graph_legend=False, topological_order=False, verb_extension=<colcon_package_information.verb.list.ListVerb object at 0x7fe5ff521e80>, verb_name='list', verb_parser=<colcon_mixin.mixin.mixin_argument.MixinArgumentDecorator object at 0x7fe5ff53d160>)
[6.287s] Level 1:colcon.colcon_core.package_discovery:discover_packages(colcon_meta) check parameters
[6.292s] Level 1:colcon.colcon_core.package_discovery:discover_packages(recursive) check parameters
[6.293s] Level 1:colcon.colcon_core.package_discovery:discover_packages(ignore) check parameters
[6.293s] Level 1:colcon.colcon_core.package_discovery:discover_packages(path) check parameters
[6.293s] Level 1:colcon.colcon_core.package_discovery:discover_packages(recursive) discover
[6.293s] INFO:colcon.colcon_core.package_discovery:Crawling recursively for packages in '/home/luccapbs/Desktop/Robotica/APS2_ws'
[6.294s] Level 1:colcon.colcon_core.package_identification:_identify(/home/luccapbs/Desktop/Robotica/APS2_ws) by extensions ['ignore', 'ignore_ament_install']
[6.294s] Level 1:colcon.colcon_core.package_identification:_identify(/home/luccapbs/Desktop/Robotica/APS2_ws) by extension 'ignore'
[6.294s] Level 1:colcon.colcon_core.package_identification:_identify(/home/luccapbs/Desktop/Robotica/APS2_ws) by extension 'ignore_ament_install'
[6.294s] Level 1:colcon.colcon_core.package_identification:_identify(/home/luccapbs/Desktop/Robotica/APS2_ws) by extensions ['colcon_pkg']
[6.294s] Level 1:colcon.colcon_core.package_identification:_identify(/home/luccapbs/Desktop/Robotica/APS2_ws) by extension 'colcon_pkg'
[6.295s] Level 1:colcon.colcon_core.package_identification:_identify(/home/luccapbs/Desktop/Robotica/APS2_ws) by extensions ['colcon_meta']
[6.295s] Level 1:colcon.colcon_core.package_identification:_identify(/home/luccapbs/Desktop/Robotica/APS2_ws) by extension 'colcon_meta'
[6.295s] Level 1:colcon.colcon_core.package_identification:_identify(/home/luccapbs/Desktop/Robotica/APS2_ws) by extensions ['ros']
[6.295s] Level 1:colcon.colcon_core.package_identification:_identify(/home/luccapbs/Desktop/Robotica/APS2_ws) by extension 'ros'
[6.360s] Level 1:colcon.colcon_core.package_identification:_identify(/home/luccapbs/Desktop/Robotica/APS2_ws) by extensions ['cmake', 'python']
[6.361s] Level 1:colcon.colcon_core.package_identification:_identify(/home/luccapbs/Desktop/Robotica/APS2_ws) by extension 'cmake'
[6.361s] Level 1:colcon.colcon_core.package_identification:_identify(/home/luccapbs/Desktop/Robotica/APS2_ws) by extension 'python'
[6.361s] Level 1:colcon.colcon_core.package_identification:_identify(/home/luccapbs/Desktop/Robotica/APS2_ws) by extensions ['python_setup_py']
[6.361s] Level 1:colcon.colcon_core.package_identification:_identify(/home/luccapbs/Desktop/Robotica/APS2_ws) by extension 'python_setup_py'
[6.361s] Level 1:colcon.colcon_core.package_identification:_identify(/home/luccapbs/Desktop/Robotica/APS2_ws/build) by extensions ['ignore', 'ignore_ament_install']
[6.362s] Level 1:colcon.colcon_core.package_identification:_identify(/home/luccapbs/Desktop/Robotica/APS2_ws/build) by extension 'ignore'
[6.362s] Level 1:colcon.colcon_core.package_identification:_identify(/home/luccapbs/Desktop/Robotica/APS2_ws/build) ignored
[6.362s] Level 1:colcon.colcon_core.package_identification:_identify(/home/luccapbs/Desktop/Robotica/APS2_ws/install) by extensions ['ignore', 'ignore_ament_install']
[6.362s] Level 1:colcon.colcon_core.package_identification:_identify(/home/luccapbs/Desktop/Robotica/APS2_ws/install) by extension 'ignore'
[6.363s] Level 1:colcon.colcon_core.package_identification:_identify(/home/luccapbs/Desktop/Robotica/APS2_ws/install) ignored
[6.363s] Level 1:colcon.colcon_core.package_identification:_identify(/home/luccapbs/Desktop/Robotica/APS2_ws/log) by extensions ['ignore', 'ignore_ament_install']
[6.363s] Level 1:colcon.colcon_core.package_identification:_identify(/home/luccapbs/Desktop/Robotica/APS2_ws/log) by extension 'ignore'
[6.363s] Level 1:colcon.colcon_core.package_identification:_identify(/home/luccapbs/Desktop/Robotica/APS2_ws/log) ignored
[6.364s] Level 1:colcon.colcon_core.package_identification:_identify(/home/luccapbs/Desktop/Robotica/APS2_ws/src) by extensions ['ignore', 'ignore_ament_install']
[6.364s] Level 1:colcon.colcon_core.package_identification:_identify(/home/luccapbs/Desktop/Robotica/APS2_ws/src) by extension 'ignore'
[6.364s] Level 1:colcon.colcon_core.package_identification:_identify(/home/luccapbs/Desktop/Robotica/APS2_ws/src) by extension 'ignore_ament_install'
[6.364s] Level 1:colcon.colcon_core.package_identification:_identify(/home/luccapbs/Desktop/Robotica/APS2_ws/src) by extensions ['colcon_pkg']
[6.364s] Level 1:colcon.colcon_core.package_identification:_identify(/home/luccapbs/Desktop/Robotica/APS2_ws/src) by extension 'colcon_pkg'
[6.364s] Level 1:colcon.colcon_core.package_identification:_identify(/home/luccapbs/Desktop/Robotica/APS2_ws/src) by extensions ['colcon_meta']
[6.364s] Level 1:colcon.colcon_core.package_identification:_identify(/home/luccapbs/Desktop/Robotica/APS2_ws/src) by extension 'colcon_meta'
[6.365s] Level 1:colcon.colcon_core.package_identification:_identify(/home/luccapbs/Desktop/Robotica/APS2_ws/src) by extensions ['ros']
[6.365s] Level 1:colcon.colcon_core.package_identification:_identify(/home/luccapbs/Desktop/Robotica/APS2_ws/src) by extension 'ros'
[6.365s] Level 1:colcon.colcon_core.package_identification:_identify(/home/luccapbs/Desktop/Robotica/APS2_ws/src) by extensions ['cmake', 'python']
[6.365s] Level 1:colcon.colcon_core.package_identification:_identify(/home/luccapbs/Desktop/Robotica/APS2_ws/src) by extension 'cmake'
[6.365s] Level 1:colcon.colcon_core.package_identification:_identify(/home/luccapbs/Desktop/Robotica/APS2_ws/src) by extension 'python'
[6.365s] Level 1:colcon.colcon_core.package_identification:_identify(/home/luccapbs/Desktop/Robotica/APS2_ws/src) by extensions ['python_setup_py']
[6.365s] Level 1:colcon.colcon_core.package_identification:_identify(/home/luccapbs/Desktop/Robotica/APS2_ws/src) by extension 'python_setup_py'
[6.366s] Level 1:colcon.colcon_core.package_identification:_identify(/home/luccapbs/Desktop/Robotica/APS2_ws/src/navigation) by extensions ['ignore', 'ignore_ament_install']
[6.366s] Level 1:colcon.colcon_core.package_identification:_identify(/home/luccapbs/Desktop/Robotica/APS2_ws/src/navigation) by extension 'ignore'
[6.366s] Level 1:colcon.colcon_core.package_identification:_identify(/home/luccapbs/Desktop/Robotica/APS2_ws/src/navigation) by extension 'ignore_ament_install'
[6.366s] Level 1:colcon.colcon_core.package_identification:_identify(/home/luccapbs/Desktop/Robotica/APS2_ws/src/navigation) by extensions ['colcon_pkg']
[6.366s] Level 1:colcon.colcon_core.package_identification:_identify(/home/luccapbs/Desktop/Robotica/APS2_ws/src/navigation) by extension 'colcon_pkg'
[6.366s] Level 1:colcon.colcon_core.package_identification:_identify(/home/luccapbs/Desktop/Robotica/APS2_ws/src/navigation) by extensions ['colcon_meta']
[6.366s] Level 1:colcon.colcon_core.package_identification:_identify(/home/luccapbs/Desktop/Robotica/APS2_ws/src/navigation) by extension 'colcon_meta'
[6.367s] Level 1:colcon.colcon_core.package_identification:_identify(/home/luccapbs/Desktop/Robotica/APS2_ws/src/navigation) by extensions ['ros']
[6.367s] Level 1:colcon.colcon_core.package_identification:_identify(/home/luccapbs/Desktop/Robotica/APS2_ws/src/navigation) by extension 'ros'
[6.377s] DEBUG:colcon.colcon_core.package_identification:Package '/home/luccapbs/Desktop/Robotica/APS2_ws/src/navigation' with type 'ros.ament_python' and name 'navigation'
[6.377s] Level 1:colcon.colcon_core.package_identification:_identify(/home/luccapbs/Desktop/Robotica/APS2_ws/src/robot_description) by extensions ['ignore', 'ignore_ament_install']
[6.378s] Level 1:colcon.colcon_core.package_identification:_identify(/home/luccapbs/Desktop/Robotica/APS2_ws/src/robot_description) by extension 'ignore'
[6.378s] Level 1:colcon.colcon_core.package_identification:_identify(/home/luccapbs/Desktop/Robotica/APS2_ws/src/robot_description) by extension 'ignore_ament_install'
[6.378s] Level 1:colcon.colcon_core.package_identification:_identify(/home/luccapbs/Desktop/Robotica/APS2_ws/src/robot_description) by extensions ['colcon_pkg']
[6.378s] Level 1:colcon.colcon_core.package_identification:_identify(/home/luccapbs/Desktop/Robotica/APS2_ws/src/robot_description) by extension 'colcon_pkg'
[6.378s] Level 1:colcon.colcon_core.package_identification:_identify(/home/luccapbs/Desktop/Robotica/APS2_ws/src/robot_description) by extensions ['colcon_meta']
[6.378s] Level 1:colcon.colcon_core.package_identification:_identify(/home/luccapbs/Desktop/Robotica/APS2_ws/src/robot_description) by extension 'colcon_meta'
[6.379s] Level 1:colcon.colcon_core.package_identification:_identify(/home/luccapbs/Desktop/Robotica/APS2_ws/src/robot_description) by extensions ['ros']
[6.379s] Level 1:colcon.colcon_core.package_identification:_identify(/home/luccapbs/Desktop/Robotica/APS2_ws/src/robot_description) by extension 'ros'
[6.399s] DEBUG:colcon.colcon_core.package_identification:Package '/home/luccapbs/Desktop/Robotica/APS2_ws/src/robot_description' with type 'ros.ament_cmake' and name 'robot_description'
[6.399s] Level 1:colcon.colcon_core.package_discovery:discover_packages(recursive) using defaults
