[1.051s] DEBUG:colcon:Command line arguments: ['/usr/bin/colcon', 'build']
[1.051s] DEBUG:colcon:Parsed command line arguments: Namespace(allow_overriding=[], ament_cmake_args=None, base_paths=['.'], build_base='build', catkin_cmake_args=None, catkin_skip_building_tests=False, cmake_args=None, cmake_clean_cache=False, cmake_clean_first=False, cmake_force_configure=False, cmake_target=None, cmake_target_skip_unavailable=False, continue_on_error=False, event_handlers=None, executor='parallel', ignore_user_meta=False, install_base='install', log_base=None, log_level=None, main=<bound method BuildVerb.main of <colcon_core.verb.build.BuildVerb object at 0x7f9fdd9f01c0>>, merge_install=False, metas=['./colcon.meta'], mixin=None, mixin_files=None, mixin_verb=('build',), packages_above=None, packages_above_and_dependencies=None, packages_above_depth=None, packages_end=None, packages_ignore=None, packages_ignore_regex=None, packages_select=None, packages_select_build_failed=False, packages_select_by_dep=None, packages_select_regex=None, packages_select_test_failures=False, packages_skip=None, packages_skip_build_finished=False, packages_skip_by_dep=None, packages_skip_regex=None, packages_skip_test_passed=False, packages_skip_up_to=None, packages_start=None, packages_up_to=None, packages_up_to_regex=None, parallel_workers=3, paths=None, symlink_install=False, test_result_base=None, verb_extension=<colcon_core.verb.build.BuildVerb object at 0x7f9fdd9f01c0>, verb_name='build', verb_parser=<colcon_mixin.mixin.mixin_argument.MixinArgumentDecorator object at 0x7f9fdd9f0ee0>)
[1.895s] Level 1:colcon.colcon_core.package_discovery:discover_packages(colcon_meta) check parameters
[1.895s] Level 1:colcon.colcon_core.package_discovery:discover_packages(recursive) check parameters
[1.895s] Level 1:colcon.colcon_core.package_discovery:discover_packages(ignore) check parameters
[1.895s] Level 1:colcon.colcon_core.package_discovery:discover_packages(path) check parameters
[1.895s] Level 1:colcon.colcon_core.package_discovery:discover_packages(colcon_meta) discover
[1.896s] Level 1:colcon.colcon_core.package_discovery:discover_packages(recursive) discover
[1.896s] INFO:colcon.colcon_core.package_discovery:Crawling recursively for packages in '/home/luccapbs/Desktop/Robotica/APS2_ws'
[1.896s] Level 1:colcon.colcon_core.package_identification:_identify(.) by extensions ['ignore', 'ignore_ament_install']
[1.896s] Level 1:colcon.colcon_core.package_identification:_identify(.) by extension 'ignore'
[1.897s] Level 1:colcon.colcon_core.package_identification:_identify(.) by extension 'ignore_ament_install'
[1.897s] Level 1:colcon.colcon_core.package_identification:_identify(.) by extensions ['colcon_pkg']
[1.897s] Level 1:colcon.colcon_core.package_identification:_identify(.) by extension 'colcon_pkg'
[1.897s] Level 1:colcon.colcon_core.package_identification:_identify(.) by extensions ['colcon_meta']
[1.897s] Level 1:colcon.colcon_core.package_identification:_identify(.) by extension 'colcon_meta'
[1.898s] Level 1:colcon.colcon_core.package_identification:_identify(.) by extensions ['ros']
[1.898s] Level 1:colcon.colcon_core.package_identification:_identify(.) by extension 'ros'
[1.961s] Level 1:colcon.colcon_core.package_identification:_identify(.) by extensions ['cmake', 'python']
[1.961s] Level 1:colcon.colcon_core.package_identification:_identify(.) by extension 'cmake'
[1.961s] Level 1:colcon.colcon_core.package_identification:_identify(.) by extension 'python'
[1.961s] Level 1:colcon.colcon_core.package_identification:_identify(.) by extensions ['python_setup_py']
[1.961s] Level 1:colcon.colcon_core.package_identification:_identify(.) by extension 'python_setup_py'
[1.961s] Level 1:colcon.colcon_core.package_identification:_identify(build) by extensions ['ignore', 'ignore_ament_install']
[1.962s] Level 1:colcon.colcon_core.package_identification:_identify(build) by extension 'ignore'
[1.962s] Level 1:colcon.colcon_core.package_identification:_identify(build) ignored
[1.962s] Level 1:colcon.colcon_core.package_identification:_identify(install) by extensions ['ignore', 'ignore_ament_install']
[1.962s] Level 1:colcon.colcon_core.package_identification:_identify(install) by extension 'ignore'
[1.962s] Level 1:colcon.colcon_core.package_identification:_identify(install) ignored
[1.963s] Level 1:colcon.colcon_core.package_identification:_identify(log) by extensions ['ignore', 'ignore_ament_install']
[1.963s] Level 1:colcon.colcon_core.package_identification:_identify(log) by extension 'ignore'
[1.963s] Level 1:colcon.colcon_core.package_identification:_identify(log) ignored
[1.963s] Level 1:colcon.colcon_core.package_identification:_identify(src) by extensions ['ignore', 'ignore_ament_install']
[1.963s] Level 1:colcon.colcon_core.package_identification:_identify(src) by extension 'ignore'
[1.964s] Level 1:colcon.colcon_core.package_identification:_identify(src) by extension 'ignore_ament_install'
[1.964s] Level 1:colcon.colcon_core.package_identification:_identify(src) by extensions ['colcon_pkg']
[1.964s] Level 1:colcon.colcon_core.package_identification:_identify(src) by extension 'colcon_pkg'
[1.964s] Level 1:colcon.colcon_core.package_identification:_identify(src) by extensions ['colcon_meta']
[1.964s] Level 1:colcon.colcon_core.package_identification:_identify(src) by extension 'colcon_meta'
[1.964s] Level 1:colcon.colcon_core.package_identification:_identify(src) by extensions ['ros']
[1.964s] Level 1:colcon.colcon_core.package_identification:_identify(src) by extension 'ros'
[1.964s] Level 1:colcon.colcon_core.package_identification:_identify(src) by extensions ['cmake', 'python']
[1.964s] Level 1:colcon.colcon_core.package_identification:_identify(src) by extension 'cmake'
[1.965s] Level 1:colcon.colcon_core.package_identification:_identify(src) by extension 'python'
[1.965s] Level 1:colcon.colcon_core.package_identification:_identify(src) by extensions ['python_setup_py']
[1.965s] Level 1:colcon.colcon_core.package_identification:_identify(src) by extension 'python_setup_py'
[1.969s] Level 1:colcon.colcon_core.package_identification:_identify(src/navigation) by extensions ['ignore', 'ignore_ament_install']
[1.970s] Level 1:colcon.colcon_core.package_identification:_identify(src/navigation) by extension 'ignore'
[1.971s] Level 1:colcon.colcon_core.package_identification:_identify(src/navigation) by extension 'ignore_ament_install'
[1.971s] Level 1:colcon.colcon_core.package_identification:_identify(src/navigation) by extensions ['colcon_pkg']
[1.971s] Level 1:colcon.colcon_core.package_identification:_identify(src/navigation) by extension 'colcon_pkg'
[1.972s] Level 1:colcon.colcon_core.package_identification:_identify(src/navigation) by extensions ['colcon_meta']
[1.972s] Level 1:colcon.colcon_core.package_identification:_identify(src/navigation) by extension 'colcon_meta'
[1.972s] Level 1:colcon.colcon_core.package_identification:_identify(src/navigation) by extensions ['ros']
[1.972s] Level 1:colcon.colcon_core.package_identification:_identify(src/navigation) by extension 'ros'
[1.983s] DEBUG:colcon.colcon_core.package_identification:Package 'src/navigation' with type 'ros.ament_python' and name 'navigation'
[1.983s] Level 1:colcon.colcon_core.package_identification:_identify(src/robot_description) by extensions ['ignore', 'ignore_ament_install']
[1.983s] Level 1:colcon.colcon_core.package_identification:_identify(src/robot_description) by extension 'ignore'
[1.983s] Level 1:colcon.colcon_core.package_identification:_identify(src/robot_description) by extension 'ignore_ament_install'
[1.984s] Level 1:colcon.colcon_core.package_identification:_identify(src/robot_description) by extensions ['colcon_pkg']
[1.984s] Level 1:colcon.colcon_core.package_identification:_identify(src/robot_description) by extension 'colcon_pkg'
[1.984s] Level 1:colcon.colcon_core.package_identification:_identify(src/robot_description) by extensions ['colcon_meta']
[1.984s] Level 1:colcon.colcon_core.package_identification:_identify(src/robot_description) by extension 'colcon_meta'
[1.984s] Level 1:colcon.colcon_core.package_identification:_identify(src/robot_description) by extensions ['ros']
[1.984s] Level 1:colcon.colcon_core.package_identification:_identify(src/robot_description) by extension 'ros'
[1.990s] DEBUG:colcon.colcon_core.package_identification:Package 'src/robot_description' with type 'ros.ament_cmake' and name 'robot_description'
[1.991s] Level 1:colcon.colcon_core.package_discovery:discover_packages(recursive) using defaults
[1.991s] Level 1:colcon.colcon_core.package_discovery:discover_packages(ignore) discover
[1.991s] Level 1:colcon.colcon_core.package_discovery:discover_packages(ignore) using defaults
[1.991s] Level 1:colcon.colcon_core.package_discovery:discover_packages(path) discover
[1.991s] Level 1:colcon.colcon_core.package_discovery:discover_packages(path) using defaults
[2.095s] Level 1:colcon.colcon_core.package_discovery:discover_packages(prefix_path) check parameters
[2.095s] Level 1:colcon.colcon_core.package_discovery:discover_packages(prefix_path) discover
[2.108s] DEBUG:colcon.colcon_installed_package_information.package_discovery:Found 266 installed packages in /opt/ros/foxy
[2.120s] Level 1:colcon.colcon_core.package_discovery:discover_packages(prefix_path) using defaults
[2.519s] Level 5:colcon.colcon_core.verb:set package 'navigation' build argument 'cmake_args' from command line to 'None'
[2.520s] Level 5:colcon.colcon_core.verb:set package 'navigation' build argument 'cmake_target' from command line to 'None'
[2.520s] Level 5:colcon.colcon_core.verb:set package 'navigation' build argument 'cmake_target_skip_unavailable' from command line to 'False'
[2.520s] Level 5:colcon.colcon_core.verb:set package 'navigation' build argument 'cmake_clean_cache' from command line to 'False'
[2.520s] Level 5:colcon.colcon_core.verb:set package 'navigation' build argument 'cmake_clean_first' from command line to 'False'
[2.520s] Level 5:colcon.colcon_core.verb:set package 'navigation' build argument 'cmake_force_configure' from command line to 'False'
[2.521s] Level 5:colcon.colcon_core.verb:set package 'navigation' build argument 'ament_cmake_args' from command line to 'None'
[2.521s] Level 5:colcon.colcon_core.verb:set package 'navigation' build argument 'catkin_cmake_args' from command line to 'None'
[2.521s] Level 5:colcon.colcon_core.verb:set package 'navigation' build argument 'catkin_skip_building_tests' from command line to 'False'
[2.521s] DEBUG:colcon.colcon_core.verb:Building package 'navigation' with the following arguments: {'ament_cmake_args': None, 'build_base': '/home/luccapbs/Desktop/Robotica/APS2_ws/build/navigation', 'catkin_cmake_args': None, 'catkin_skip_building_tests': False, 'cmake_args': None, 'cmake_clean_cache': False, 'cmake_clean_first': False, 'cmake_force_configure': False, 'cmake_target': None, 'cmake_target_skip_unavailable': False, 'install_base': '/home/luccapbs/Desktop/Robotica/APS2_ws/install/navigation', 'merge_install': False, 'path': '/home/luccapbs/Desktop/Robotica/APS2_ws/src/navigation', 'symlink_install': False, 'test_result_base': None}
[2.522s] Level 5:colcon.colcon_core.verb:set package 'robot_description' build argument 'cmake_args' from command line to 'None'
[2.523s] Level 5:colcon.colcon_core.verb:set package 'robot_description' build argument 'cmake_target' from command line to 'None'
[2.523s] Level 5:colcon.colcon_core.verb:set package 'robot_description' build argument 'cmake_target_skip_unavailable' from command line to 'False'
[2.523s] Level 5:colcon.colcon_core.verb:set package 'robot_description' build argument 'cmake_clean_cache' from command line to 'False'
[2.523s] Level 5:colcon.colcon_core.verb:set package 'robot_description' build argument 'cmake_clean_first' from command line to 'False'
[2.523s] Level 5:colcon.colcon_core.verb:set package 'robot_description' build argument 'cmake_force_configure' from command line to 'False'
[2.523s] Level 5:colcon.colcon_core.verb:set package 'robot_description' build argument 'ament_cmake_args' from command line to 'None'
[2.523s] Level 5:colcon.colcon_core.verb:set package 'robot_description' build argument 'catkin_cmake_args' from command line to 'None'
[2.523s] Level 5:colcon.colcon_core.verb:set package 'robot_description' build argument 'catkin_skip_building_tests' from command line to 'False'
[2.523s] DEBUG:colcon.colcon_core.verb:Building package 'robot_description' with the following arguments: {'ament_cmake_args': None, 'build_base': '/home/luccapbs/Desktop/Robotica/APS2_ws/build/robot_description', 'catkin_cmake_args': None, 'catkin_skip_building_tests': False, 'cmake_args': None, 'cmake_clean_cache': False, 'cmake_clean_first': False, 'cmake_force_configure': False, 'cmake_target': None, 'cmake_target_skip_unavailable': False, 'install_base': '/home/luccapbs/Desktop/Robotica/APS2_ws/install/robot_description', 'merge_install': False, 'path': '/home/luccapbs/Desktop/Robotica/APS2_ws/src/robot_description', 'symlink_install': False, 'test_result_base': None}
[2.524s] INFO:colcon.colcon_core.executor:Executing jobs using 'parallel' executor
[2.526s] DEBUG:colcon.colcon_parallel_executor.executor.parallel:run_until_complete
[2.527s] INFO:colcon.colcon_ros.task.ament_python.build:Building ROS package in '/home/luccapbs/Desktop/Robotica/APS2_ws/src/navigation' with build type 'ament_python'
[2.527s] Level 1:colcon.colcon_core.shell:create_environment_hook('navigation', 'ament_prefix_path')
[2.544s] INFO:colcon.colcon_core.plugin_system:Skipping extension 'colcon_core.shell.bat': Not used on non-Windows systems
[2.545s] INFO:colcon.colcon_core.shell:Creating environment hook '/home/luccapbs/Desktop/Robotica/APS2_ws/install/navigation/share/navigation/hook/ament_prefix_path.ps1'
[2.547s] INFO:colcon.colcon_core.shell:Creating environment descriptor '/home/luccapbs/Desktop/Robotica/APS2_ws/install/navigation/share/navigation/hook/ament_prefix_path.dsv'
[2.549s] INFO:colcon.colcon_core.shell:Creating environment hook '/home/luccapbs/Desktop/Robotica/APS2_ws/install/navigation/share/navigation/hook/ament_prefix_path.sh'
[2.552s] INFO:colcon.colcon_core.shell:Skip shell extension 'powershell' for command environment: Not usable outside of PowerShell
[2.553s] DEBUG:colcon.colcon_core.shell:Skip shell extension 'dsv' for command environment
[2.581s] INFO:colcon.colcon_ros.task.ament_cmake.build:Building ROS package in '/home/luccapbs/Desktop/Robotica/APS2_ws/src/robot_description' with build type 'ament_cmake'
[2.582s] INFO:colcon.colcon_cmake.task.cmake.build:Building CMake package in '/home/luccapbs/Desktop/Robotica/APS2_ws/src/robot_description'
[2.583s] INFO:colcon.colcon_core.shell:Skip shell extension 'powershell' for command environment: Not usable outside of PowerShell
[2.583s] DEBUG:colcon.colcon_core.shell:Skip shell extension 'dsv' for command environment
[3.561s] INFO:colcon.colcon_core.task.python.build:Building Python package in '/home/luccapbs/Desktop/Robotica/APS2_ws/src/navigation'
[3.562s] INFO:colcon.colcon_core.shell:Skip shell extension 'powershell' for command environment: Not usable outside of PowerShell
[3.562s] DEBUG:colcon.colcon_core.shell:Skip shell extension 'dsv' for command environment
[3.593s] DEBUG:colcon.colcon_core.event_handler.log_command:Invoking command in '/home/luccapbs/Desktop/Robotica/APS2_ws/build/robot_description': CMAKE_PREFIX_PATH=/opt/ros/foxy /usr/bin/cmake --build /home/luccapbs/Desktop/Robotica/APS2_ws/build/robot_description -- -j3 -l3
[4.101s] DEBUG:colcon.colcon_core.event_handler.log_command:Invoked command in '/home/luccapbs/Desktop/Robotica/APS2_ws/build/robot_description' returned '0': CMAKE_PREFIX_PATH=/opt/ros/foxy /usr/bin/cmake --build /home/luccapbs/Desktop/Robotica/APS2_ws/build/robot_description -- -j3 -l3
[4.192s] DEBUG:colcon.colcon_core.event_handler.log_command:Invoking command in '/home/luccapbs/Desktop/Robotica/APS2_ws/build/robot_description': CMAKE_PREFIX_PATH=/opt/ros/foxy /usr/bin/cmake --install /home/luccapbs/Desktop/Robotica/APS2_ws/build/robot_description
[4.309s] Level 1:colcon.colcon_core.environment:create_environment_scripts_only(robot_description)
[4.311s] DEBUG:colcon.colcon_core.event_handler.log_command:Invoked command in '/home/luccapbs/Desktop/Robotica/APS2_ws/build/robot_description' returned '0': CMAKE_PREFIX_PATH=/opt/ros/foxy /usr/bin/cmake --install /home/luccapbs/Desktop/Robotica/APS2_ws/build/robot_description
[4.370s] Level 1:colcon.colcon_core.environment:checking '/home/luccapbs/Desktop/Robotica/APS2_ws/install/robot_description' for CMake module files
[4.373s] Level 1:colcon.colcon_core.environment:checking '/home/luccapbs/Desktop/Robotica/APS2_ws/install/robot_description' for CMake config files
[4.382s] Level 1:colcon.colcon_core.shell:create_environment_hook('robot_description', 'cmake_prefix_path')
[4.382s] INFO:colcon.colcon_core.shell:Creating environment hook '/home/luccapbs/Desktop/Robotica/APS2_ws/install/robot_description/share/robot_description/hook/cmake_prefix_path.ps1'
[4.383s] INFO:colcon.colcon_core.shell:Creating environment descriptor '/home/luccapbs/Desktop/Robotica/APS2_ws/install/robot_description/share/robot_description/hook/cmake_prefix_path.dsv'
[4.394s] INFO:colcon.colcon_core.shell:Creating environment hook '/home/luccapbs/Desktop/Robotica/APS2_ws/install/robot_description/share/robot_description/hook/cmake_prefix_path.sh'
[4.396s] Level 1:colcon.colcon_core.environment:checking '/home/luccapbs/Desktop/Robotica/APS2_ws/install/robot_description/bin'
[4.396s] Level 1:colcon.colcon_core.environment:checking '/home/luccapbs/Desktop/Robotica/APS2_ws/install/robot_description/lib/pkgconfig/robot_description.pc'
[4.397s] Level 1:colcon.colcon_core.environment:checking '/home/luccapbs/Desktop/Robotica/APS2_ws/install/robot_description/lib/python3.8/site-packages'
[4.401s] Level 1:colcon.colcon_core.environment:checking '/home/luccapbs/Desktop/Robotica/APS2_ws/install/robot_description/bin'
[4.403s] INFO:colcon.colcon_core.shell:Creating package script '/home/luccapbs/Desktop/Robotica/APS2_ws/install/robot_description/share/robot_description/package.ps1'
[4.421s] INFO:colcon.colcon_core.shell:Creating package descriptor '/home/luccapbs/Desktop/Robotica/APS2_ws/install/robot_description/share/robot_description/package.dsv'
[4.423s] INFO:colcon.colcon_core.shell:Creating package script '/home/luccapbs/Desktop/Robotica/APS2_ws/install/robot_description/share/robot_description/package.sh'
[4.426s] INFO:colcon.colcon_core.shell:Creating package script '/home/luccapbs/Desktop/Robotica/APS2_ws/install/robot_description/share/robot_description/package.bash'
[4.439s] INFO:colcon.colcon_core.shell:Creating package script '/home/luccapbs/Desktop/Robotica/APS2_ws/install/robot_description/share/robot_description/package.zsh'
[4.465s] Level 1:colcon.colcon_core.environment:create_file_with_runtime_dependencies(/home/luccapbs/Desktop/Robotica/APS2_ws/install/robot_description/share/colcon-core/packages/robot_description)
[4.468s] Level 1:colcon.colcon_core.environment:create_environment_scripts_only(robot_description)
[4.468s] Level 1:colcon.colcon_core.environment:checking '/home/luccapbs/Desktop/Robotica/APS2_ws/install/robot_description' for CMake module files
[4.483s] Level 1:colcon.colcon_core.environment:checking '/home/luccapbs/Desktop/Robotica/APS2_ws/install/robot_description' for CMake config files
[4.483s] Level 1:colcon.colcon_core.shell:create_environment_hook('robot_description', 'cmake_prefix_path')
[4.484s] INFO:colcon.colcon_core.shell:Creating environment hook '/home/luccapbs/Desktop/Robotica/APS2_ws/install/robot_description/share/robot_description/hook/cmake_prefix_path.ps1'
[4.485s] INFO:colcon.colcon_core.shell:Creating environment descriptor '/home/luccapbs/Desktop/Robotica/APS2_ws/install/robot_description/share/robot_description/hook/cmake_prefix_path.dsv'
[4.493s] INFO:colcon.colcon_core.shell:Creating environment hook '/home/luccapbs/Desktop/Robotica/APS2_ws/install/robot_description/share/robot_description/hook/cmake_prefix_path.sh'
[4.497s] Level 1:colcon.colcon_core.environment:checking '/home/luccapbs/Desktop/Robotica/APS2_ws/install/robot_description/bin'
[4.497s] Level 1:colcon.colcon_core.environment:checking '/home/luccapbs/Desktop/Robotica/APS2_ws/install/robot_description/lib/pkgconfig/robot_description.pc'
[4.498s] Level 1:colcon.colcon_core.environment:checking '/home/luccapbs/Desktop/Robotica/APS2_ws/install/robot_description/lib/python3.8/site-packages'
[4.498s] Level 1:colcon.colcon_core.environment:checking '/home/luccapbs/Desktop/Robotica/APS2_ws/install/robot_description/bin'
[4.499s] INFO:colcon.colcon_core.shell:Creating package script '/home/luccapbs/Desktop/Robotica/APS2_ws/install/robot_description/share/robot_description/package.ps1'
[4.500s] INFO:colcon.colcon_core.shell:Creating package descriptor '/home/luccapbs/Desktop/Robotica/APS2_ws/install/robot_description/share/robot_description/package.dsv'
[4.518s] INFO:colcon.colcon_core.shell:Creating package script '/home/luccapbs/Desktop/Robotica/APS2_ws/install/robot_description/share/robot_description/package.sh'
[4.520s] INFO:colcon.colcon_core.shell:Creating package script '/home/luccapbs/Desktop/Robotica/APS2_ws/install/robot_description/share/robot_description/package.bash'
[4.521s] INFO:colcon.colcon_core.shell:Creating package script '/home/luccapbs/Desktop/Robotica/APS2_ws/install/robot_description/share/robot_description/package.zsh'
[4.522s] Level 1:colcon.colcon_core.environment:create_file_with_runtime_dependencies(/home/luccapbs/Desktop/Robotica/APS2_ws/install/robot_description/share/colcon-core/packages/robot_description)
[6.055s] DEBUG:colcon.colcon_core.event_handler.log_command:Invoking command in '/home/luccapbs/Desktop/Robotica/APS2_ws/src/navigation': PYTHONPATH=/home/luccapbs/Desktop/Robotica/APS2_ws/build/navigation/prefix_override:/usr/lib/python3/dist-packages/colcon_core/task/python/colcon_distutils_commands:/home/luccapbs/Desktop/Robotica/APS2_ws/install/navigation/lib/python3.8/site-packages:${PYTHONPATH} /usr/bin/python3 -W ignore:setup.py install is deprecated -W ignore:easy_install command is deprecated setup.py egg_info --egg-base ../../build/navigation build --build-base /home/luccapbs/Desktop/Robotica/APS2_ws/build/navigation/build install --record /home/luccapbs/Desktop/Robotica/APS2_ws/build/navigation/install.log --install-scripts $base/lib/navigation --single-version-externally-managed install_data
[7.775s] Level 1:colcon.colcon_core.environment:checking '/home/luccapbs/Desktop/Robotica/APS2_ws/install/navigation' for CMake module files
[7.776s] DEBUG:colcon.colcon_core.event_handler.log_command:Invoked command in '/home/luccapbs/Desktop/Robotica/APS2_ws/src/navigation' returned '0': PYTHONPATH=/home/luccapbs/Desktop/Robotica/APS2_ws/build/navigation/prefix_override:/usr/lib/python3/dist-packages/colcon_core/task/python/colcon_distutils_commands:/home/luccapbs/Desktop/Robotica/APS2_ws/install/navigation/lib/python3.8/site-packages:${PYTHONPATH} /usr/bin/python3 -W ignore:setup.py install is deprecated -W ignore:easy_install command is deprecated setup.py egg_info --egg-base ../../build/navigation build --build-base /home/luccapbs/Desktop/Robotica/APS2_ws/build/navigation/build install --record /home/luccapbs/Desktop/Robotica/APS2_ws/build/navigation/install.log --install-scripts $base/lib/navigation --single-version-externally-managed install_data
[7.782s] Level 1:colcon.colcon_core.environment:checking '/home/luccapbs/Desktop/Robotica/APS2_ws/install/navigation' for CMake config files
[7.783s] Level 1:colcon.colcon_core.environment:checking '/home/luccapbs/Desktop/Robotica/APS2_ws/install/navigation/lib'
[7.784s] Level 1:colcon.colcon_core.environment:checking '/home/luccapbs/Desktop/Robotica/APS2_ws/install/navigation/bin'
[7.784s] Level 1:colcon.colcon_core.environment:checking '/home/luccapbs/Desktop/Robotica/APS2_ws/install/navigation/lib/pkgconfig/navigation.pc'
[7.785s] Level 1:colcon.colcon_core.environment:checking '/home/luccapbs/Desktop/Robotica/APS2_ws/install/navigation/lib/python3.8/site-packages'
[7.785s] Level 1:colcon.colcon_core.shell:create_environment_hook('navigation', 'pythonpath')
[7.789s] INFO:colcon.colcon_core.shell:Creating environment hook '/home/luccapbs/Desktop/Robotica/APS2_ws/install/navigation/share/navigation/hook/pythonpath.ps1'
[7.798s] INFO:colcon.colcon_core.shell:Creating environment descriptor '/home/luccapbs/Desktop/Robotica/APS2_ws/install/navigation/share/navigation/hook/pythonpath.dsv'
[7.798s] INFO:colcon.colcon_core.shell:Creating environment hook '/home/luccapbs/Desktop/Robotica/APS2_ws/install/navigation/share/navigation/hook/pythonpath.sh'
[7.800s] Level 1:colcon.colcon_core.environment:checking '/home/luccapbs/Desktop/Robotica/APS2_ws/install/navigation/bin'
[7.800s] Level 1:colcon.colcon_core.environment:create_environment_scripts_only(navigation)
[7.802s] INFO:colcon.colcon_core.shell:Creating package script '/home/luccapbs/Desktop/Robotica/APS2_ws/install/navigation/share/navigation/package.ps1'
[7.805s] INFO:colcon.colcon_core.shell:Creating package descriptor '/home/luccapbs/Desktop/Robotica/APS2_ws/install/navigation/share/navigation/package.dsv'
[7.806s] INFO:colcon.colcon_core.shell:Creating package script '/home/luccapbs/Desktop/Robotica/APS2_ws/install/navigation/share/navigation/package.sh'
[7.808s] INFO:colcon.colcon_core.shell:Creating package script '/home/luccapbs/Desktop/Robotica/APS2_ws/install/navigation/share/navigation/package.bash'
[7.809s] INFO:colcon.colcon_core.shell:Creating package script '/home/luccapbs/Desktop/Robotica/APS2_ws/install/navigation/share/navigation/package.zsh'
[7.812s] Level 1:colcon.colcon_core.environment:create_file_with_runtime_dependencies(/home/luccapbs/Desktop/Robotica/APS2_ws/install/navigation/share/colcon-core/packages/navigation)
[7.815s] DEBUG:colcon.colcon_parallel_executor.executor.parallel:closing loop
[7.817s] DEBUG:colcon.colcon_parallel_executor.executor.parallel:loop closed
[7.817s] DEBUG:colcon.colcon_parallel_executor.executor.parallel:run_until_complete finished with '0'
[7.817s] DEBUG:colcon.colcon_core.event_reactor:joining thread
[7.888s] INFO:colcon.colcon_core.plugin_system:Skipping extension 'colcon_notification.desktop_notification.terminal_notifier': Not used on non-Darwin systems
[7.889s] INFO:colcon.colcon_core.plugin_system:Skipping extension 'colcon_notification.desktop_notification.win32': Not used on non-Windows systems
[7.889s] INFO:colcon.colcon_notification.desktop_notification:Sending desktop notification using 'notify2'
[8.022s] DEBUG:colcon.colcon_core.event_reactor:joined thread
[8.023s] INFO:colcon.colcon_core.shell:Creating prefix script '/home/luccapbs/Desktop/Robotica/APS2_ws/install/local_setup.ps1'
[8.026s] INFO:colcon.colcon_core.shell:Creating prefix util module '/home/luccapbs/Desktop/Robotica/APS2_ws/install/_local_setup_util_ps1.py'
[8.032s] INFO:colcon.colcon_core.shell:Creating prefix chain script '/home/luccapbs/Desktop/Robotica/APS2_ws/install/setup.ps1'
[8.045s] INFO:colcon.colcon_core.shell:Creating prefix script '/home/luccapbs/Desktop/Robotica/APS2_ws/install/local_setup.sh'
[8.048s] INFO:colcon.colcon_core.shell:Creating prefix util module '/home/luccapbs/Desktop/Robotica/APS2_ws/install/_local_setup_util_sh.py'
[8.054s] INFO:colcon.colcon_core.shell:Creating prefix chain script '/home/luccapbs/Desktop/Robotica/APS2_ws/install/setup.sh'
[8.061s] INFO:colcon.colcon_core.shell:Creating prefix script '/home/luccapbs/Desktop/Robotica/APS2_ws/install/local_setup.bash'
[8.064s] INFO:colcon.colcon_core.shell:Creating prefix chain script '/home/luccapbs/Desktop/Robotica/APS2_ws/install/setup.bash'
[8.079s] INFO:colcon.colcon_core.shell:Creating prefix script '/home/luccapbs/Desktop/Robotica/APS2_ws/install/local_setup.zsh'
[8.082s] INFO:colcon.colcon_core.shell:Creating prefix chain script '/home/luccapbs/Desktop/Robotica/APS2_ws/install/setup.zsh'
