[0.576s] DEBUG:colcon:Command line arguments: ['/usr/bin/colcon', 'build']
[0.576s] DEBUG:colcon:Parsed command line arguments: Namespace(allow_overriding=[], ament_cmake_args=None, base_paths=['.'], build_base='build', catkin_cmake_args=None, catkin_skip_building_tests=False, cmake_args=None, cmake_clean_cache=False, cmake_clean_first=False, cmake_force_configure=False, cmake_target=None, cmake_target_skip_unavailable=False, continue_on_error=False, event_handlers=None, executor='parallel', ignore_user_meta=False, install_base='install', log_base=None, log_level=None, main=<bound method BuildVerb.main of <colcon_core.verb.build.BuildVerb object at 0x7f7e9c97a2e0>>, merge_install=False, metas=['./colcon.meta'], mixin=None, mixin_files=None, mixin_verb=('build',), packages_above=None, packages_above_and_dependencies=None, packages_above_depth=None, packages_end=None, packages_ignore=None, packages_ignore_regex=None, packages_select=None, packages_select_build_failed=False, packages_select_by_dep=None, packages_select_regex=None, packages_select_test_failures=False, packages_skip=None, packages_skip_build_finished=False, packages_skip_by_dep=None, packages_skip_regex=None, packages_skip_test_passed=False, packages_skip_up_to=None, packages_start=None, packages_up_to=None, packages_up_to_regex=None, parallel_workers=3, paths=None, symlink_install=False, test_result_base=None, verb_extension=<colcon_core.verb.build.BuildVerb object at 0x7f7e9c97a2e0>, verb_name='build', verb_parser=<colcon_mixin.mixin.mixin_argument.MixinArgumentDecorator object at 0x7f7e9c988040>)
[1.011s] Level 1:colcon.colcon_core.package_discovery:discover_packages(colcon_meta) check parameters
[1.012s] Level 1:colcon.colcon_core.package_discovery:discover_packages(recursive) check parameters
[1.012s] Level 1:colcon.colcon_core.package_discovery:discover_packages(ignore) check parameters
[1.012s] Level 1:colcon.colcon_core.package_discovery:discover_packages(path) check parameters
[1.012s] Level 1:colcon.colcon_core.package_discovery:discover_packages(colcon_meta) discover
[1.012s] Level 1:colcon.colcon_core.package_discovery:discover_packages(recursive) discover
[1.012s] INFO:colcon.colcon_core.package_discovery:Crawling recursively for packages in '/home/luccapbs/Desktop/Robotica/APS2_ws'
[1.013s] Level 1:colcon.colcon_core.package_identification:_identify(.) by extensions ['ignore', 'ignore_ament_install']
[1.013s] Level 1:colcon.colcon_core.package_identification:_identify(.) by extension 'ignore'
[1.013s] Level 1:colcon.colcon_core.package_identification:_identify(.) by extension 'ignore_ament_install'
[1.013s] Level 1:colcon.colcon_core.package_identification:_identify(.) by extensions ['colcon_pkg']
[1.013s] Level 1:colcon.colcon_core.package_identification:_identify(.) by extension 'colcon_pkg'
[1.013s] Level 1:colcon.colcon_core.package_identification:_identify(.) by extensions ['colcon_meta']
[1.013s] Level 1:colcon.colcon_core.package_identification:_identify(.) by extension 'colcon_meta'
[1.013s] Level 1:colcon.colcon_core.package_identification:_identify(.) by extensions ['ros']
[1.013s] Level 1:colcon.colcon_core.package_identification:_identify(.) by extension 'ros'
[1.043s] Level 1:colcon.colcon_core.package_identification:_identify(.) by extensions ['cmake', 'python']
[1.043s] Level 1:colcon.colcon_core.package_identification:_identify(.) by extension 'cmake'
[1.043s] Level 1:colcon.colcon_core.package_identification:_identify(.) by extension 'python'
[1.043s] Level 1:colcon.colcon_core.package_identification:_identify(.) by extensions ['python_setup_py']
[1.043s] Level 1:colcon.colcon_core.package_identification:_identify(.) by extension 'python_setup_py'
[1.044s] Level 1:colcon.colcon_core.package_identification:_identify(build) by extensions ['ignore', 'ignore_ament_install']
[1.044s] Level 1:colcon.colcon_core.package_identification:_identify(build) by extension 'ignore'
[1.044s] Level 1:colcon.colcon_core.package_identification:_identify(build) ignored
[1.044s] Level 1:colcon.colcon_core.package_identification:_identify(install) by extensions ['ignore', 'ignore_ament_install']
[1.045s] Level 1:colcon.colcon_core.package_identification:_identify(install) by extension 'ignore'
[1.045s] Level 1:colcon.colcon_core.package_identification:_identify(install) ignored
[1.045s] Level 1:colcon.colcon_core.package_identification:_identify(log) by extensions ['ignore', 'ignore_ament_install']
[1.045s] Level 1:colcon.colcon_core.package_identification:_identify(log) by extension 'ignore'
[1.045s] Level 1:colcon.colcon_core.package_identification:_identify(log) ignored
[1.045s] Level 1:colcon.colcon_core.package_identification:_identify(src) by extensions ['ignore', 'ignore_ament_install']
[1.046s] Level 1:colcon.colcon_core.package_identification:_identify(src) by extension 'ignore'
[1.046s] Level 1:colcon.colcon_core.package_identification:_identify(src) by extension 'ignore_ament_install'
[1.046s] Level 1:colcon.colcon_core.package_identification:_identify(src) by extensions ['colcon_pkg']
[1.046s] Level 1:colcon.colcon_core.package_identification:_identify(src) by extension 'colcon_pkg'
[1.046s] Level 1:colcon.colcon_core.package_identification:_identify(src) by extensions ['colcon_meta']
[1.046s] Level 1:colcon.colcon_core.package_identification:_identify(src) by extension 'colcon_meta'
[1.046s] Level 1:colcon.colcon_core.package_identification:_identify(src) by extensions ['ros']
[1.046s] Level 1:colcon.colcon_core.package_identification:_identify(src) by extension 'ros'
[1.046s] Level 1:colcon.colcon_core.package_identification:_identify(src) by extensions ['cmake', 'python']
[1.047s] Level 1:colcon.colcon_core.package_identification:_identify(src) by extension 'cmake'
[1.047s] Level 1:colcon.colcon_core.package_identification:_identify(src) by extension 'python'
[1.047s] Level 1:colcon.colcon_core.package_identification:_identify(src) by extensions ['python_setup_py']
[1.047s] Level 1:colcon.colcon_core.package_identification:_identify(src) by extension 'python_setup_py'
[1.047s] Level 1:colcon.colcon_core.package_identification:_identify(src/navigation) by extensions ['ignore', 'ignore_ament_install']
[1.047s] Level 1:colcon.colcon_core.package_identification:_identify(src/navigation) by extension 'ignore'
[1.048s] Level 1:colcon.colcon_core.package_identification:_identify(src/navigation) by extension 'ignore_ament_install'
[1.048s] Level 1:colcon.colcon_core.package_identification:_identify(src/navigation) by extensions ['colcon_pkg']
[1.048s] Level 1:colcon.colcon_core.package_identification:_identify(src/navigation) by extension 'colcon_pkg'
[1.048s] Level 1:colcon.colcon_core.package_identification:_identify(src/navigation) by extensions ['colcon_meta']
[1.048s] Level 1:colcon.colcon_core.package_identification:_identify(src/navigation) by extension 'colcon_meta'
[1.048s] Level 1:colcon.colcon_core.package_identification:_identify(src/navigation) by extensions ['ros']
[1.048s] Level 1:colcon.colcon_core.package_identification:_identify(src/navigation) by extension 'ros'
[1.055s] DEBUG:colcon.colcon_core.package_identification:Package 'src/navigation' with type 'ros.ament_python' and name 'navigation'
[1.055s] Level 1:colcon.colcon_core.package_identification:_identify(src/robot_description) by extensions ['ignore', 'ignore_ament_install']
[1.055s] Level 1:colcon.colcon_core.package_identification:_identify(src/robot_description) by extension 'ignore'
[1.055s] Level 1:colcon.colcon_core.package_identification:_identify(src/robot_description) by extension 'ignore_ament_install'
[1.056s] Level 1:colcon.colcon_core.package_identification:_identify(src/robot_description) by extensions ['colcon_pkg']
[1.056s] Level 1:colcon.colcon_core.package_identification:_identify(src/robot_description) by extension 'colcon_pkg'
[1.056s] Level 1:colcon.colcon_core.package_identification:_identify(src/robot_description) by extensions ['colcon_meta']
[1.056s] Level 1:colcon.colcon_core.package_identification:_identify(src/robot_description) by extension 'colcon_meta'
[1.056s] Level 1:colcon.colcon_core.package_identification:_identify(src/robot_description) by extensions ['ros']
[1.056s] Level 1:colcon.colcon_core.package_identification:_identify(src/robot_description) by extension 'ros'
[1.058s] DEBUG:colcon.colcon_core.package_identification:Package 'src/robot_description' with type 'ros.ament_cmake' and name 'robot_description'
[1.059s] Level 1:colcon.colcon_core.package_discovery:discover_packages(recursive) using defaults
[1.059s] Level 1:colcon.colcon_core.package_discovery:discover_packages(ignore) discover
[1.059s] Level 1:colcon.colcon_core.package_discovery:discover_packages(ignore) using defaults
[1.059s] Level 1:colcon.colcon_core.package_discovery:discover_packages(path) discover
[1.059s] Level 1:colcon.colcon_core.package_discovery:discover_packages(path) using defaults
[1.106s] Level 1:colcon.colcon_core.package_discovery:discover_packages(prefix_path) check parameters
[1.106s] Level 1:colcon.colcon_core.package_discovery:discover_packages(prefix_path) discover
[1.109s] DEBUG:colcon.colcon_installed_package_information.package_discovery:Found 2 installed packages in /home/luccapbs/Desktop/Robotica/APS2_ws/install
[1.116s] DEBUG:colcon.colcon_installed_package_information.package_discovery:Found 266 installed packages in /opt/ros/foxy
[1.145s] Level 1:colcon.colcon_core.package_discovery:discover_packages(prefix_path) using defaults
[1.329s] Level 5:colcon.colcon_core.verb:set package 'navigation' build argument 'cmake_args' from command line to 'None'
[1.329s] Level 5:colcon.colcon_core.verb:set package 'navigation' build argument 'cmake_target' from command line to 'None'
[1.329s] Level 5:colcon.colcon_core.verb:set package 'navigation' build argument 'cmake_target_skip_unavailable' from command line to 'False'
[1.329s] Level 5:colcon.colcon_core.verb:set package 'navigation' build argument 'cmake_clean_cache' from command line to 'False'
[1.329s] Level 5:colcon.colcon_core.verb:set package 'navigation' build argument 'cmake_clean_first' from command line to 'False'
[1.329s] Level 5:colcon.colcon_core.verb:set package 'navigation' build argument 'cmake_force_configure' from command line to 'False'
[1.330s] Level 5:colcon.colcon_core.verb:set package 'navigation' build argument 'ament_cmake_args' from command line to 'None'
[1.330s] Level 5:colcon.colcon_core.verb:set package 'navigation' build argument 'catkin_cmake_args' from command line to 'None'
[1.330s] Level 5:colcon.colcon_core.verb:set package 'navigation' build argument 'catkin_skip_building_tests' from command line to 'False'
[1.330s] DEBUG:colcon.colcon_core.verb:Building package 'navigation' with the following arguments: {'ament_cmake_args': None, 'build_base': '/home/luccapbs/Desktop/Robotica/APS2_ws/build/navigation', 'catkin_cmake_args': None, 'catkin_skip_building_tests': False, 'cmake_args': None, 'cmake_clean_cache': False, 'cmake_clean_first': False, 'cmake_force_configure': False, 'cmake_target': None, 'cmake_target_skip_unavailable': False, 'install_base': '/home/luccapbs/Desktop/Robotica/APS2_ws/install/navigation', 'merge_install': False, 'path': '/home/luccapbs/Desktop/Robotica/APS2_ws/src/navigation', 'symlink_install': False, 'test_result_base': None}
[1.331s] Level 5:colcon.colcon_core.verb:set package 'robot_description' build argument 'cmake_args' from command line to 'None'
[1.331s] Level 5:colcon.colcon_core.verb:set package 'robot_description' build argument 'cmake_target' from command line to 'None'
[1.331s] Level 5:colcon.colcon_core.verb:set package 'robot_description' build argument 'cmake_target_skip_unavailable' from command line to 'False'
[1.331s] Level 5:colcon.colcon_core.verb:set package 'robot_description' build argument 'cmake_clean_cache' from command line to 'False'
[1.331s] Level 5:colcon.colcon_core.verb:set package 'robot_description' build argument 'cmake_clean_first' from command line to 'False'
[1.331s] Level 5:colcon.colcon_core.verb:set package 'robot_description' build argument 'cmake_force_configure' from command line to 'False'
[1.331s] Level 5:colcon.colcon_core.verb:set package 'robot_description' build argument 'ament_cmake_args' from command line to 'None'
[1.331s] Level 5:colcon.colcon_core.verb:set package 'robot_description' build argument 'catkin_cmake_args' from command line to 'None'
[1.332s] Level 5:colcon.colcon_core.verb:set package 'robot_description' build argument 'catkin_skip_building_tests' from command line to 'False'
[1.332s] DEBUG:colcon.colcon_core.verb:Building package 'robot_description' with the following arguments: {'ament_cmake_args': None, 'build_base': '/home/luccapbs/Desktop/Robotica/APS2_ws/build/robot_description', 'catkin_cmake_args': None, 'catkin_skip_building_tests': False, 'cmake_args': None, 'cmake_clean_cache': False, 'cmake_clean_first': False, 'cmake_force_configure': False, 'cmake_target': None, 'cmake_target_skip_unavailable': False, 'install_base': '/home/luccapbs/Desktop/Robotica/APS2_ws/install/robot_description', 'merge_install': False, 'path': '/home/luccapbs/Desktop/Robotica/APS2_ws/src/robot_description', 'symlink_install': False, 'test_result_base': None}
[1.332s] INFO:colcon.colcon_core.executor:Executing jobs using 'parallel' executor
[1.334s] DEBUG:colcon.colcon_parallel_executor.executor.parallel:run_until_complete
[1.334s] INFO:colcon.colcon_ros.task.ament_python.build:Building ROS package in '/home/luccapbs/Desktop/Robotica/APS2_ws/src/navigation' with build type 'ament_python'
[1.335s] Level 1:colcon.colcon_core.shell:create_environment_hook('navigation', 'ament_prefix_path')
[1.340s] INFO:colcon.colcon_core.plugin_system:Skipping extension 'colcon_core.shell.bat': Not used on non-Windows systems
[1.340s] INFO:colcon.colcon_core.shell:Creating environment hook '/home/luccapbs/Desktop/Robotica/APS2_ws/install/navigation/share/navigation/hook/ament_prefix_path.ps1'
[1.342s] INFO:colcon.colcon_core.shell:Creating environment descriptor '/home/luccapbs/Desktop/Robotica/APS2_ws/install/navigation/share/navigation/hook/ament_prefix_path.dsv'
[1.343s] INFO:colcon.colcon_core.shell:Creating environment hook '/home/luccapbs/Desktop/Robotica/APS2_ws/install/navigation/share/navigation/hook/ament_prefix_path.sh'
[1.345s] INFO:colcon.colcon_core.shell:Skip shell extension 'powershell' for command environment: Not usable outside of PowerShell
[1.345s] DEBUG:colcon.colcon_core.shell:Skip shell extension 'dsv' for command environment
[1.357s] INFO:colcon.colcon_ros.task.ament_cmake.build:Building ROS package in '/home/luccapbs/Desktop/Robotica/APS2_ws/src/robot_description' with build type 'ament_cmake'
[1.358s] INFO:colcon.colcon_cmake.task.cmake.build:Building CMake package in '/home/luccapbs/Desktop/Robotica/APS2_ws/src/robot_description'
[1.359s] INFO:colcon.colcon_core.shell:Skip shell extension 'powershell' for command environment: Not usable outside of PowerShell
[1.359s] DEBUG:colcon.colcon_core.shell:Skip shell extension 'dsv' for command environment
[2.044s] INFO:colcon.colcon_core.task.python.build:Building Python package in '/home/luccapbs/Desktop/Robotica/APS2_ws/src/navigation'
[2.046s] INFO:colcon.colcon_core.shell:Skip shell extension 'powershell' for command environment: Not usable outside of PowerShell
[2.046s] DEBUG:colcon.colcon_core.shell:Skip shell extension 'dsv' for command environment
[2.070s] DEBUG:colcon.colcon_core.event_handler.log_command:Invoking command in '/home/luccapbs/Desktop/Robotica/APS2_ws/build/robot_description': CMAKE_PREFIX_PATH=${CMAKE_PREFIX_PATH}:/home/luccapbs/Desktop/Robotica/APS2_ws/install/navigation:/opt/ros/foxy /usr/bin/cmake --build /home/luccapbs/Desktop/Robotica/APS2_ws/build/robot_description -- -j3 -l3
[2.239s] DEBUG:colcon.colcon_core.event_handler.log_command:Invoked command in '/home/luccapbs/Desktop/Robotica/APS2_ws/build/robot_description' returned '0': CMAKE_PREFIX_PATH=${CMAKE_PREFIX_PATH}:/home/luccapbs/Desktop/Robotica/APS2_ws/install/navigation:/opt/ros/foxy /usr/bin/cmake --build /home/luccapbs/Desktop/Robotica/APS2_ws/build/robot_description -- -j3 -l3
[2.277s] DEBUG:colcon.colcon_core.event_handler.log_command:Invoking command in '/home/luccapbs/Desktop/Robotica/APS2_ws/build/robot_description': CMAKE_PREFIX_PATH=${CMAKE_PREFIX_PATH}:/home/luccapbs/Desktop/Robotica/APS2_ws/install/navigation:/opt/ros/foxy /usr/bin/cmake --install /home/luccapbs/Desktop/Robotica/APS2_ws/build/robot_description
[2.352s] Level 1:colcon.colcon_core.environment:create_environment_scripts_only(robot_description)
[2.365s] DEBUG:colcon.colcon_core.event_handler.log_command:Invoked command in '/home/luccapbs/Desktop/Robotica/APS2_ws/build/robot_description' returned '0': CMAKE_PREFIX_PATH=${CMAKE_PREFIX_PATH}:/home/luccapbs/Desktop/Robotica/APS2_ws/install/navigation:/opt/ros/foxy /usr/bin/cmake --install /home/luccapbs/Desktop/Robotica/APS2_ws/build/robot_description
[2.367s] Level 1:colcon.colcon_core.environment:checking '/home/luccapbs/Desktop/Robotica/APS2_ws/install/robot_description' for CMake module files
[2.368s] Level 1:colcon.colcon_core.environment:checking '/home/luccapbs/Desktop/Robotica/APS2_ws/install/robot_description' for CMake config files
[2.369s] Level 1:colcon.colcon_core.shell:create_environment_hook('robot_description', 'cmake_prefix_path')
[2.369s] INFO:colcon.colcon_core.shell:Creating environment hook '/home/luccapbs/Desktop/Robotica/APS2_ws/install/robot_description/share/robot_description/hook/cmake_prefix_path.ps1'
[2.371s] INFO:colcon.colcon_core.shell:Creating environment descriptor '/home/luccapbs/Desktop/Robotica/APS2_ws/install/robot_description/share/robot_description/hook/cmake_prefix_path.dsv'
[2.372s] INFO:colcon.colcon_core.shell:Creating environment hook '/home/luccapbs/Desktop/Robotica/APS2_ws/install/robot_description/share/robot_description/hook/cmake_prefix_path.sh'
[2.373s] Level 1:colcon.colcon_core.environment:checking '/home/luccapbs/Desktop/Robotica/APS2_ws/install/robot_description/bin'
[2.373s] Level 1:colcon.colcon_core.environment:checking '/home/luccapbs/Desktop/Robotica/APS2_ws/install/robot_description/lib/pkgconfig/robot_description.pc'
[2.375s] Level 1:colcon.colcon_core.environment:checking '/home/luccapbs/Desktop/Robotica/APS2_ws/install/robot_description/lib/python3.8/site-packages'
[2.376s] Level 1:colcon.colcon_core.environment:checking '/home/luccapbs/Desktop/Robotica/APS2_ws/install/robot_description/bin'
[2.377s] INFO:colcon.colcon_core.shell:Creating package script '/home/luccapbs/Desktop/Robotica/APS2_ws/install/robot_description/share/robot_description/package.ps1'
[2.381s] INFO:colcon.colcon_core.shell:Creating package descriptor '/home/luccapbs/Desktop/Robotica/APS2_ws/install/robot_description/share/robot_description/package.dsv'
[2.383s] INFO:colcon.colcon_core.shell:Creating package script '/home/luccapbs/Desktop/Robotica/APS2_ws/install/robot_description/share/robot_description/package.sh'
[2.385s] INFO:colcon.colcon_core.shell:Creating package script '/home/luccapbs/Desktop/Robotica/APS2_ws/install/robot_description/share/robot_description/package.bash'
[2.389s] INFO:colcon.colcon_core.shell:Creating package script '/home/luccapbs/Desktop/Robotica/APS2_ws/install/robot_description/share/robot_description/package.zsh'
[2.392s] Level 1:colcon.colcon_core.environment:create_file_with_runtime_dependencies(/home/luccapbs/Desktop/Robotica/APS2_ws/install/robot_description/share/colcon-core/packages/robot_description)
[2.395s] Level 1:colcon.colcon_core.environment:create_environment_scripts_only(robot_description)
[2.396s] Level 1:colcon.colcon_core.environment:checking '/home/luccapbs/Desktop/Robotica/APS2_ws/install/robot_description' for CMake module files
[2.398s] Level 1:colcon.colcon_core.environment:checking '/home/luccapbs/Desktop/Robotica/APS2_ws/install/robot_description' for CMake config files
[2.398s] Level 1:colcon.colcon_core.shell:create_environment_hook('robot_description', 'cmake_prefix_path')
[2.399s] INFO:colcon.colcon_core.shell:Creating environment hook '/home/luccapbs/Desktop/Robotica/APS2_ws/install/robot_description/share/robot_description/hook/cmake_prefix_path.ps1'
[2.400s] INFO:colcon.colcon_core.shell:Creating environment descriptor '/home/luccapbs/Desktop/Robotica/APS2_ws/install/robot_description/share/robot_description/hook/cmake_prefix_path.dsv'
[2.401s] INFO:colcon.colcon_core.shell:Creating environment hook '/home/luccapbs/Desktop/Robotica/APS2_ws/install/robot_description/share/robot_description/hook/cmake_prefix_path.sh'
[2.402s] Level 1:colcon.colcon_core.environment:checking '/home/luccapbs/Desktop/Robotica/APS2_ws/install/robot_description/bin'
[2.402s] Level 1:colcon.colcon_core.environment:checking '/home/luccapbs/Desktop/Robotica/APS2_ws/install/robot_description/lib/pkgconfig/robot_description.pc'
[2.403s] Level 1:colcon.colcon_core.environment:checking '/home/luccapbs/Desktop/Robotica/APS2_ws/install/robot_description/lib/python3.8/site-packages'
[2.404s] Level 1:colcon.colcon_core.environment:checking '/home/luccapbs/Desktop/Robotica/APS2_ws/install/robot_description/bin'
[2.404s] INFO:colcon.colcon_core.shell:Creating package script '/home/luccapbs/Desktop/Robotica/APS2_ws/install/robot_description/share/robot_description/package.ps1'
[2.406s] INFO:colcon.colcon_core.shell:Creating package descriptor '/home/luccapbs/Desktop/Robotica/APS2_ws/install/robot_description/share/robot_description/package.dsv'
[2.407s] INFO:colcon.colcon_core.shell:Creating package script '/home/luccapbs/Desktop/Robotica/APS2_ws/install/robot_description/share/robot_description/package.sh'
[2.408s] INFO:colcon.colcon_core.shell:Creating package script '/home/luccapbs/Desktop/Robotica/APS2_ws/install/robot_description/share/robot_description/package.bash'
[2.409s] INFO:colcon.colcon_core.shell:Creating package script '/home/luccapbs/Desktop/Robotica/APS2_ws/install/robot_description/share/robot_description/package.zsh'
[2.410s] Level 1:colcon.colcon_core.environment:create_file_with_runtime_dependencies(/home/luccapbs/Desktop/Robotica/APS2_ws/install/robot_description/share/colcon-core/packages/robot_description)
[3.349s] DEBUG:colcon.colcon_core.event_handler.log_command:Invoking command in '/home/luccapbs/Desktop/Robotica/APS2_ws/src/navigation': PYTHONPATH=/home/luccapbs/Desktop/Robotica/APS2_ws/build/navigation/prefix_override:/usr/lib/python3/dist-packages/colcon_core/task/python/colcon_distutils_commands:/home/luccapbs/Desktop/Robotica/APS2_ws/install/navigation/lib/python3.8/site-packages:${PYTHONPATH} /usr/bin/python3 -W ignore:setup.py install is deprecated -W ignore:easy_install command is deprecated setup.py egg_info --egg-base ../../build/navigation build --build-base /home/luccapbs/Desktop/Robotica/APS2_ws/build/navigation/build install --record /home/luccapbs/Desktop/Robotica/APS2_ws/build/navigation/install.log --install-scripts $base/lib/navigation --single-version-externally-managed install_data
[4.241s] Level 1:colcon.colcon_core.environment:checking '/home/luccapbs/Desktop/Robotica/APS2_ws/install/navigation' for CMake module files
[4.243s] DEBUG:colcon.colcon_core.event_handler.log_command:Invoked command in '/home/luccapbs/Desktop/Robotica/APS2_ws/src/navigation' returned '0': PYTHONPATH=/home/luccapbs/Desktop/Robotica/APS2_ws/build/navigation/prefix_override:/usr/lib/python3/dist-packages/colcon_core/task/python/colcon_distutils_commands:/home/luccapbs/Desktop/Robotica/APS2_ws/install/navigation/lib/python3.8/site-packages:${PYTHONPATH} /usr/bin/python3 -W ignore:setup.py install is deprecated -W ignore:easy_install command is deprecated setup.py egg_info --egg-base ../../build/navigation build --build-base /home/luccapbs/Desktop/Robotica/APS2_ws/build/navigation/build install --record /home/luccapbs/Desktop/Robotica/APS2_ws/build/navigation/install.log --install-scripts $base/lib/navigation --single-version-externally-managed install_data
[4.244s] Level 1:colcon.colcon_core.environment:checking '/home/luccapbs/Desktop/Robotica/APS2_ws/install/navigation' for CMake config files
[4.245s] Level 1:colcon.colcon_core.environment:checking '/home/luccapbs/Desktop/Robotica/APS2_ws/install/navigation/lib'
[4.246s] Level 1:colcon.colcon_core.environment:checking '/home/luccapbs/Desktop/Robotica/APS2_ws/install/navigation/bin'
[4.246s] Level 1:colcon.colcon_core.environment:checking '/home/luccapbs/Desktop/Robotica/APS2_ws/install/navigation/lib/pkgconfig/navigation.pc'
[4.246s] Level 1:colcon.colcon_core.environment:checking '/home/luccapbs/Desktop/Robotica/APS2_ws/install/navigation/lib/python3.8/site-packages'
[4.247s] Level 1:colcon.colcon_core.shell:create_environment_hook('navigation', 'pythonpath')
[4.247s] INFO:colcon.colcon_core.shell:Creating environment hook '/home/luccapbs/Desktop/Robotica/APS2_ws/install/navigation/share/navigation/hook/pythonpath.ps1'
[4.249s] INFO:colcon.colcon_core.shell:Creating environment descriptor '/home/luccapbs/Desktop/Robotica/APS2_ws/install/navigation/share/navigation/hook/pythonpath.dsv'
[4.252s] INFO:colcon.colcon_core.shell:Creating environment hook '/home/luccapbs/Desktop/Robotica/APS2_ws/install/navigation/share/navigation/hook/pythonpath.sh'
[4.254s] Level 1:colcon.colcon_core.environment:checking '/home/luccapbs/Desktop/Robotica/APS2_ws/install/navigation/bin'
[4.254s] Level 1:colcon.colcon_core.environment:create_environment_scripts_only(navigation)
[4.255s] INFO:colcon.colcon_core.shell:Creating package script '/home/luccapbs/Desktop/Robotica/APS2_ws/install/navigation/share/navigation/package.ps1'
[4.256s] INFO:colcon.colcon_core.shell:Creating package descriptor '/home/luccapbs/Desktop/Robotica/APS2_ws/install/navigation/share/navigation/package.dsv'
[4.257s] INFO:colcon.colcon_core.shell:Creating package script '/home/luccapbs/Desktop/Robotica/APS2_ws/install/navigation/share/navigation/package.sh'
[4.258s] INFO:colcon.colcon_core.shell:Creating package script '/home/luccapbs/Desktop/Robotica/APS2_ws/install/navigation/share/navigation/package.bash'
[4.259s] INFO:colcon.colcon_core.shell:Creating package script '/home/luccapbs/Desktop/Robotica/APS2_ws/install/navigation/share/navigation/package.zsh'
[4.260s] Level 1:colcon.colcon_core.environment:create_file_with_runtime_dependencies(/home/luccapbs/Desktop/Robotica/APS2_ws/install/navigation/share/colcon-core/packages/navigation)
[4.261s] DEBUG:colcon.colcon_parallel_executor.executor.parallel:closing loop
[4.261s] DEBUG:colcon.colcon_parallel_executor.executor.parallel:loop closed
[4.261s] DEBUG:colcon.colcon_parallel_executor.executor.parallel:run_until_complete finished with '0'
[4.262s] DEBUG:colcon.colcon_core.event_reactor:joining thread
[4.274s] INFO:colcon.colcon_core.plugin_system:Skipping extension 'colcon_notification.desktop_notification.terminal_notifier': Not used on non-Darwin systems
[4.274s] INFO:colcon.colcon_core.plugin_system:Skipping extension 'colcon_notification.desktop_notification.win32': Not used on non-Windows systems
[4.274s] INFO:colcon.colcon_notification.desktop_notification:Sending desktop notification using 'notify2'
[4.326s] DEBUG:colcon.colcon_core.event_reactor:joined thread
[4.327s] INFO:colcon.colcon_core.shell:Creating prefix script '/home/luccapbs/Desktop/Robotica/APS2_ws/install/local_setup.ps1'
[4.330s] INFO:colcon.colcon_core.shell:Creating prefix util module '/home/luccapbs/Desktop/Robotica/APS2_ws/install/_local_setup_util_ps1.py'
[4.336s] INFO:colcon.colcon_core.shell:Creating prefix chain script '/home/luccapbs/Desktop/Robotica/APS2_ws/install/setup.ps1'
[4.348s] INFO:colcon.colcon_core.shell:Creating prefix script '/home/luccapbs/Desktop/Robotica/APS2_ws/install/local_setup.sh'
[4.350s] INFO:colcon.colcon_core.shell:Creating prefix util module '/home/luccapbs/Desktop/Robotica/APS2_ws/install/_local_setup_util_sh.py'
[4.351s] INFO:colcon.colcon_core.shell:Creating prefix chain script '/home/luccapbs/Desktop/Robotica/APS2_ws/install/setup.sh'
[4.359s] INFO:colcon.colcon_core.shell:Creating prefix script '/home/luccapbs/Desktop/Robotica/APS2_ws/install/local_setup.bash'
[4.361s] INFO:colcon.colcon_core.shell:Creating prefix chain script '/home/luccapbs/Desktop/Robotica/APS2_ws/install/setup.bash'
[4.363s] INFO:colcon.colcon_core.shell:Creating prefix script '/home/luccapbs/Desktop/Robotica/APS2_ws/install/local_setup.zsh'
[4.365s] INFO:colcon.colcon_core.shell:Creating prefix chain script '/home/luccapbs/Desktop/Robotica/APS2_ws/install/setup.zsh'
